Log file open, 09/26/18 19:06:26
LogWindows: Failed to load 'aqProf.dll' (GetLastError=126)
LogWindows: File 'aqProf.dll' does not exist
LogWindows: Failed to load 'VSPerf140.dll' (GetLastError=126)
LogWindows: File 'VSPerf140.dll' does not exist
LogWindows: Failed to load 'VtuneApi.dll' (GetLastError=126)
LogWindows: File 'VtuneApi.dll' does not exist
LogWindows: Failed to load 'VtuneApi32e.dll' (GetLastError=126)
LogWindows: File 'VtuneApi32e.dll' does not exist
LogInit: Display: Running engine for game: neptunia2
LogPlatformFile: Not using cached read wrapper
LogTaskGraph: Started task graph with 5 named threads and 14 total threads with 3 sets of task threads.
LogStats: Stats thread started at 0.194463
LogD3D11RHI: Loaded GFSDK_Aftermath_Lib.x64.dll
LogICUInternationalization: Display: ICU TimeZone Detection - Raw Offset: +0:00, Platform Override: ''
LogPluginManager: Mounting plugin Paper2D
LogPluginManager: Mounting plugin AISupport
LogPluginManager: Mounting plugin LightPropagationVolume
LogPluginManager: Mounting plugin CLionSourceCodeAccess
LogPluginManager: Mounting plugin CodeLiteSourceCodeAccess
LogPluginManager: Mounting plugin GitSourceControl
LogPluginManager: Mounting plugin KDevelopSourceCodeAccess
LogPluginManager: Mounting plugin NullSourceCodeAccess
LogPluginManager: Mounting plugin PerforceSourceControl
LogPluginManager: Mounting plugin SubversionSourceControl
LogPluginManager: Mounting plugin UObjectPlugin
LogPluginManager: Mounting plugin VisualStudioCodeSourceCodeAccess
LogPluginManager: Mounting plugin VisualStudioSourceCodeAccess
LogPluginManager: Mounting plugin XCodeSourceCodeAccess
LogPluginManager: Mounting plugin AssetManagerEditor
LogPluginManager: Mounting plugin CryptoKeys
LogPluginManager: Mounting plugin DataValidation
LogPluginManager: Mounting plugin FacialAnimation
LogPluginManager: Mounting plugin GameplayTagsEditor
LogPluginManager: Mounting plugin MacGraphicsSwitching
LogPluginManager: Mounting plugin MeshEditor
LogPluginManager: Mounting plugin MobileLauncherProfileWizard
LogPluginManager: Mounting plugin PluginBrowser
LogPluginManager: Mounting plugin SpeedTreeImporter
LogPluginManager: Mounting plugin DatasmithContent
LogPluginManager: Mounting plugin AlembicImporter
LogPluginManager: Mounting plugin AppleImageUtils
LogPluginManager: Mounting plugin AppleVision
LogPluginManager: Mounting plugin BackChannel
LogPluginManager: Mounting plugin CharacterAI
LogPluginManager: Mounting plugin GeometryCache
LogPluginManager: Mounting plugin HTML5Networking
LogPluginManager: Mounting plugin ProxyLODPlugin
LogPluginManager: Mounting plugin MagicLeap
LogPluginManager: Mounting plugin MagicLeapEmulator
LogPluginManager: Mounting plugin MagicLeapMedia
LogPluginManager: Mounting plugin DlgSystem
LogPluginManager: Mounting plugin AndroidMedia
LogPluginManager: Mounting plugin AvfMedia
LogPluginManager: Mounting plugin ImgMedia
LogPluginManager: Mounting plugin LinearTimecode
LogPluginManager: Mounting plugin MediaCompositing
LogPluginManager: Mounting plugin MediaPlayerEditor
LogPluginManager: Mounting plugin WmfMedia
LogPluginManager: Mounting plugin TcpMessaging
LogPluginManager: Mounting plugin UdpMessaging
LogPluginManager: Mounting plugin ActorSequence
LogPluginManager: Mounting plugin LevelSequenceEditor
LogPluginManager: Mounting plugin MatineeToLevelSequence
LogPluginManager: Mounting plugin NetcodeUnitTest
LogPluginManager: Mounting plugin NUTUnrealEngine4
LogPluginManager: Mounting plugin OnlineSubsystemGooglePlay
LogPluginManager: Mounting plugin OnlineSubsystemIOS
LogPluginManager: Mounting plugin OnlineSubsystem
LogPluginManager: Mounting plugin OnlineSubsystemNull
LogPluginManager: Mounting plugin OnlineSubsystemUtils
LogPluginManager: Mounting plugin LauncherChunkInstaller
LogPluginManager: Mounting plugin AndroidDeviceProfileSelector
LogPluginManager: Mounting plugin AndroidMoviePlayer
LogPluginManager: Mounting plugin AndroidPermission
LogPluginManager: Mounting plugin AppleMoviePlayer
LogPluginManager: Mounting plugin ArchVisCharacter
LogPluginManager: Mounting plugin AudioCapture
LogPluginManager: Mounting plugin CableComponent
LogPluginManager: Mounting plugin CustomMeshComponent
LogPluginManager: Mounting plugin EditableMesh
LogPluginManager: Mounting plugin ExampleDeviceProfileSelector
LogPluginManager: Mounting plugin GoogleCloudMessaging
LogPluginManager: Mounting plugin ImmediatePhysics
LogPluginManager: Mounting plugin IOSDeviceProfileSelector
LogPluginManager: Mounting plugin LinuxDeviceProfileSelector
LogPluginManager: Mounting plugin LocationServicesBPLibrary
LogPluginManager: Mounting plugin MobilePatchingUtils
LogPluginManager: Mounting plugin OculusVR
LogPluginManager: Plugin shader directory ../../../Engine/Plugins/Runtime/Oculus/OculusVR/Shaders found
LogPluginManager: Mapping shader source directory ../../../Engine/Plugins/Runtime/Oculus/OculusVR/Shaders to virtual directory /Plugin/OculusVR
LogPluginManager: Mounting plugin PhysXVehicles
LogPluginManager: Mounting plugin ProceduralMeshComponent
LogPluginManager: Mounting plugin RuntimePhysXCooking
LogPluginManager: Mounting plugin SteamVR
LogPluginManager: Mounting plugin WindowsMoviePlayer
LogStreaming: Display: Took  0.211s to configure plugins.
LogInit: Using libcurl 7.55.1-DEV
LogInit:  - built for x86_64-pc-win32
LogInit:  - supports SSL with OpenSSL/1.0.2h
LogInit:  - supports HTTP deflate (compression) using libz 1.2.8
LogInit:  - other features:
LogInit:      CURL_VERSION_SSL
LogInit:      CURL_VERSION_LIBZ
LogInit:      CURL_VERSION_IPV6
LogInit:      CURL_VERSION_ASYNCHDNS
LogInit:      CURL_VERSION_LARGEFILE
LogInit:      CURL_VERSION_IDN
LogInit:  CurlRequestOptions (configurable via config and command line):
LogInit:  - bVerifyPeer = false  - Libcurl will NOT verify peer certificate
LogInit:  - bUseHttpProxy = false  - Libcurl will NOT use HTTP proxy
LogInit:  - bDontReuseConnections = false  - Libcurl will reuse connections
LogInit:  - CertBundlePath = nullptr  - Libcurl will use whatever was configured at build time.
LogInit:  - MaxHostConnections = 16  - Libcurl will limit the number of connections to a host
LogInit:  - LocalHostAddr = Default
LogInit:  - BufferSize = 65536
LogInit: WinSock: version 1.1 (2.2), MaxSocks=32767, MaxUdp=65467
LogInit: Build: ++UE4+Release-4.20-CL-4369336
LogInit: Engine Version: 4.20.3-4369336+++UE4+Release-4.20
LogInit: Compatible Engine Version: 4.20.0-4212847+++UE4+Release-4.20
LogInit: Net CL: 4212847
LogInit: OS: Windows 10 (), CPU: Intel(R) Core(TM) i5-6400 CPU @ 2.70GHz, GPU: NVIDIA GeForce GTX 970
LogInit: Compiled (64-bit): Sep 17 2018 12:26:19
LogInit: Compiled with Visual C++: 19.13.26129.00
LogInit: Build Configuration: Development
LogInit: Branch Name: ++UE4+Release-4.20
LogInit: Command Line:  
LogInit: Base Directory: C:/Program Files/Epic Games/UE_4.20/Engine/Binaries/Win64/
LogInit: Installed Engine Build: 1
LogDevObjectVersion: Number of dev versions registered: 20
LogDevObjectVersion:   Dev-Blueprints (B0D832E4-1F89-4F0D-ACCF-7EB736FD4AA2): 10
LogDevObjectVersion:   Dev-Build (E1C64328-A22C-4D53-A36C-8E866417BD8C): 0
LogDevObjectVersion:   Dev-Core (375EC13C-06E4-48FB-B500-84F0262A717E): 2
LogDevObjectVersion:   Dev-Editor (E4B068ED-F494-42E9-A231-DA0B2E46BB41): 24
LogDevObjectVersion:   Dev-Framework (CFFC743F-43B0-4480-9391-14DF171D2073): 34
LogDevObjectVersion:   Dev-Mobile (B02B49B5-BB20-44E9-A304-32B752E40360): 2
LogDevObjectVersion:   Dev-Networking (A4E4105C-59A1-49B5-A7C5-40C4547EDFEE): 0
LogDevObjectVersion:   Dev-Online (39C831C9-5AE6-47DC-9A44-9C173E1C8E7C): 0
LogDevObjectVersion:   Dev-Physics (78F01B33-EBEA-4F98-B9B4-84EACCB95AA2): 0
LogDevObjectVersion:   Dev-Platform (6631380F-2D4D-43E0-8009-CF276956A95A): 0
LogDevObjectVersion:   Dev-Rendering (12F88B9F-8875-4AFC-A67C-D90C383ABD29): 26
LogDevObjectVersion:   Dev-Sequencer (7B5AE74C-D270-4C10-A958-57980B212A5A): 9
LogDevObjectVersion:   Dev-VR (D7296918-1DD6-4BDD-9DE2-64A83CC13884): 2
LogDevObjectVersion:   Dev-LoadTimes (C2A15278-BFE7-4AFE-6C17-90FF531DF755): 1
LogDevObjectVersion:   Private-Geometry (6EACA3D4-40EC-4CC1-B786-8BED09428FC5): 3
LogDevObjectVersion:   Dev-AnimPhys (29E575DD-E0A3-4627-9D10-D276232CDCEA): 17
LogDevObjectVersion:   Dev-ReflectionCapture (6B266CEC-1EC7-4B8F-A30B-E4D90942FC07): 1
LogDevObjectVersion:   Dev-Automation (0DF73D61-A23F-47EA-B727-89E90C41499A): 1
LogDevObjectVersion:   FortniteMain (601D1886-AC64-4F84-AA16-D3DE0DEAC7D6): 12
LogDevObjectVersion:   Dev-Enterprise (9DFFBCD6-494F-0158-E221-12823C92A888): 1
LogStreaming: Display: Took  0.003s to delete old logs.
LogInit: Presizing for max 8388607 objects, including 0 objects not considered by GC, pre-allocating 0 bytes for permanent pool.
LogInit: Object subsystem initialized
[2018.09.26-18.06.26:578][  0]LogInit: Selected Device Profile: [Windows]
[2018.09.26-18.06.26:578][  0]LogInit: Applying CVar settings loaded from the selected device profile: [Windows]
[2018.09.26-18.06.26:593][  0]LogHAL: Display: Platform has ~ 8 GB [8536727552 / 8589934592 / 8], which maps to Default [LargestMinGB=32, LargerMinGB=12, DefaultMinGB=8, SmallerMinGB=6, SmallestMinGB=0)
[2018.09.26-18.06.26:593][  0]LogInit: Setting Device Profile CVar: [[r.Vulkan.UseRealUBs:1]]
[2018.09.26-18.06.26:594][  0]LogInit: Going up to parent DeviceProfile []
[2018.09.26-18.06.26:594][  0]LogInit: Computer: DESKTOP-005JA5V
[2018.09.26-18.06.26:594][  0]LogInit: User: pokem
[2018.09.26-18.06.26:594][  0]LogInit: CPU Page size=4096, Cores=4
[2018.09.26-18.06.26:594][  0]LogInit: High frequency timer resolution =2.648437 MHz
[2018.09.26-18.06.26:594][  0]LogMemory: Memory total: Physical=8.0GB (8GB approx)
[2018.09.26-18.06.26:594][  0]LogMemory: Platform Memory Stats for Windows
[2018.09.26-18.06.26:594][  0]LogMemory: Process Physical Memory: 100.36 MB used, 100.36 MB peak
[2018.09.26-18.06.26:594][  0]LogMemory: Process Virtual Memory: 84.55 MB used, 84.55 MB peak
[2018.09.26-18.06.26:594][  0]LogMemory: Physical Memory: 5257.33 MB used,  2883.93 MB free, 8141.26 MB total
[2018.09.26-18.06.26:594][  0]LogMemory: Virtual Memory: 4625.04 MB used,  2883.93 MB free, 134217728.00 MB total
[2018.09.26-18.06.26:620][  0]LogInit: Using OS detected language (en-GB).
[2018.09.26-18.06.26:620][  0]LogInit: Using OS detected locale (en-GB).
[2018.09.26-18.06.26:621][  0]LogTextLocalizationManager: No specific localization for 'en-GB' exists, so the 'en' localization will be used.
[2018.09.26-18.06.27:028][  0]LogStreaming: Display: Took  0.409s to InitEngineTextLocalization.
[2018.09.26-18.06.27:028][  0]LogInit: Setting process to per monitor DPI aware
[2018.09.26-18.06.27:057][  0]LogSlate: New Slate User Created.  User Index 0, Is Virtual User: 0
[2018.09.26-18.06.27:057][  0]LogSlate: Slate User Registered.  User Index 0, Is Virtual User: 0
[2018.09.26-18.06.27:504][  0]LogHMD: Failed to initialize OpenVR with code 126
[2018.09.26-18.06.27:504][  0]LogD3D11RHI: D3D11 adapters:
[2018.09.26-18.06.27:568][  0]LogD3D11RHI:    0. 'NVIDIA GeForce GTX 970' (Feature Level 11_0)
[2018.09.26-18.06.27:568][  0]LogD3D11RHI:       4043/0/4070 MB DedicatedVideo/DedicatedSystem/SharedSystem, Outputs:1, VendorId:0x10de
[2018.09.26-18.06.27:571][  0]LogD3D11RHI:    1. 'Microsoft Basic Render Driver' (Feature Level 11_0)
[2018.09.26-18.06.27:571][  0]LogD3D11RHI:       0/0/4070 MB DedicatedVideo/DedicatedSystem/SharedSystem, Outputs:0, VendorId:0x1414
[2018.09.26-18.06.27:571][  0]LogD3D11RHI: Chosen D3D11 Adapter: 0
[2018.09.26-18.06.27:583][  0]LogD3D11RHI: Creating new Direct3DDevice
[2018.09.26-18.06.27:583][  0]LogD3D11RHI:     GPU DeviceId: 0x13c2 (for the marketing name, search the web for "GPU Device Id")
[2018.09.26-18.06.27:583][  0]LogWindows: EnumDisplayDevices:
[2018.09.26-18.06.27:584][  0]LogWindows:    0. 'NVIDIA GeForce GTX 970' (P:1 D:1)
[2018.09.26-18.06.27:584][  0]LogWindows:    1. 'NVIDIA GeForce GTX 970' (P:0 D:0)
[2018.09.26-18.06.27:584][  0]LogWindows:    2. 'NVIDIA GeForce GTX 970' (P:0 D:0)
[2018.09.26-18.06.27:584][  0]LogWindows:    3. 'NVIDIA GeForce GTX 970' (P:0 D:0)
[2018.09.26-18.06.27:584][  0]LogWindows: DebugString: FoundDriverCount:4 
[2018.09.26-18.06.27:584][  0]LogD3D11RHI:     Adapter Name: NVIDIA GeForce GTX 970
[2018.09.26-18.06.27:584][  0]LogD3D11RHI:   Driver Version: 398.82 (internal:24.21.13.9882, unified:398.82)
[2018.09.26-18.06.27:584][  0]LogD3D11RHI:      Driver Date: 7-30-2018
[2018.09.26-18.06.27:584][  0]LogRHI: Texture pool is 2830 MB (70% of 4043 MB)
[2018.09.26-18.06.27:623][  0]LogD3D11RHI: Async texture creation enabled
[2018.09.26-18.06.27:657][  0]LogD3D11RHI: GPU Timing Frequency: 1000.000000 (Debug: 2 2)
[2018.09.26-18.06.27:703][  0]LogShaderCompilers: Guid format shader working directory is -17 characters bigger than the processId version (../../../../../../Users/pokem/Documents/GitHub/talesofneptunia/Intermediate/Shaders/WorkingDirectory/47972/).
[2018.09.26-18.06.27:704][  0]LogShaderCompilers: Cleaned the shader compiler working directory 'C:/Users/pokem/AppData/Local/Temp/UnrealShaderWorkingDir/87BB163B4E9CF239E916EB9B5D852B50/'.
[2018.09.26-18.06.28:047][  0]LogTemp: Display: Loaded TP AllDesktopTargetPlatform
[2018.09.26-18.06.28:061][  0]LogTemp: Display: Loaded TP MacClientTargetPlatform
[2018.09.26-18.06.28:075][  0]LogTemp: Display: Loaded TP MacNoEditorTargetPlatform
[2018.09.26-18.06.28:090][  0]LogTemp: Display: Loaded TP MacServerTargetPlatform
[2018.09.26-18.06.28:106][  0]LogTemp: Display: Loaded TP MacTargetPlatform
[2018.09.26-18.06.28:120][  0]LogTemp: Display: Loaded TP WindowsClientTargetPlatform
[2018.09.26-18.06.28:135][  0]LogTemp: Display: Loaded TP WindowsNoEditorTargetPlatform
[2018.09.26-18.06.28:150][  0]LogTemp: Display: Loaded TP WindowsServerTargetPlatform
[2018.09.26-18.06.28:158][  0]LogTemp: Display: Loaded TP WindowsTargetPlatform
[2018.09.26-18.06.28:245][  0]LogTemp: Display: Loaded TP AndroidTargetPlatform
[2018.09.26-18.06.28:245][  0]LogTemp: Display: Loaded TP AndroidTargetPlatform
[2018.09.26-18.06.28:245][  0]LogTemp: Display: Loaded TP AndroidTargetPlatform
[2018.09.26-18.06.28:245][  0]LogTemp: Display: Loaded TP AndroidTargetPlatform
[2018.09.26-18.06.28:245][  0]LogTemp: Display: Loaded TP AndroidTargetPlatform
[2018.09.26-18.06.28:245][  0]LogTemp: Display: Loaded TP AndroidTargetPlatform
[2018.09.26-18.06.28:245][  0]LogTemp: Display: Loaded TP AndroidTargetPlatform
[2018.09.26-18.06.28:245][  0]LogTemp: Display: Loaded TP AndroidTargetPlatform
[2018.09.26-18.06.28:245][  0]LogTemp: Display: Loaded TP AndroidTargetPlatform
[2018.09.26-18.06.28:245][  0]LogTemp: Display: Loaded TP AndroidTargetPlatform
[2018.09.26-18.06.28:245][  0]LogTemp: Display: Loaded TP AndroidTargetPlatform
[2018.09.26-18.06.28:245][  0]LogTemp: Display: Loaded TP AndroidTargetPlatform
[2018.09.26-18.06.28:245][  0]LogTemp: Display: Loaded TP AndroidTargetPlatform
[2018.09.26-18.06.28:245][  0]LogTemp: Display: Loaded TP AndroidTargetPlatform
[2018.09.26-18.06.28:245][  0]LogTemp: Display: Loaded TP AndroidTargetPlatform
[2018.09.26-18.06.28:245][  0]LogTemp: Display: Loaded TP AndroidTargetPlatform
[2018.09.26-18.06.28:245][  0]LogTemp: Display: Loaded TP AndroidTargetPlatform
[2018.09.26-18.06.28:245][  0]LogTemp: Display: Loaded TP AndroidTargetPlatform
[2018.09.26-18.06.28:247][  0]LogTemp: Display: Loaded TP HTML5TargetPlatform
[2018.09.26-18.06.28:311][  0]LogTemp: Display: Loaded TP IOSTargetPlatform
[2018.09.26-18.06.28:311][  0]LogTemp: Display: Loaded TP IOSTargetPlatform
[2018.09.26-18.06.28:337][  0]LogTemp: Display: Loaded TP TVOSTargetPlatform
[2018.09.26-18.06.28:337][  0]LogTemp: Display: Loaded TP TVOSTargetPlatform
[2018.09.26-18.06.28:352][  0]LogTemp: Display: Loaded TP LinuxClientTargetPlatform
[2018.09.26-18.06.28:366][  0]LogTemp: Display: Loaded TP LinuxNoEditorTargetPlatform
[2018.09.26-18.06.28:381][  0]LogTemp: Display: Loaded TP LinuxServerTargetPlatform
[2018.09.26-18.06.28:396][  0]LogTemp: Display: Loaded TP LinuxTargetPlatform
[2018.09.26-18.06.28:407][  0]LogTemp: Display: Loaded TP LuminTargetPlatform
[2018.09.26-18.06.28:407][  0]LogTargetPlatformManager: Display: Building Assets For Windows
[2018.09.26-18.06.28:480][  0]LogXGEController: Cleaning working directory: C:/Users/pokem/AppData/Local/Temp/UnrealXGEWorkingDir/
[2018.09.26-18.06.28:481][  0]LogXGEController: Cannot use XGE Controller as Incredibuild is not installed on this machine.
[2018.09.26-18.06.28:481][  0]LogShaderCompilers: Cannot use XGE Shader Compiler as Incredibuild is not installed on this machine.
[2018.09.26-18.06.28:481][  0]LogShaderCompilers: Display: Using Local Shader Compiler.
[2018.09.26-18.06.29:307][  0]LogDerivedDataCache: Display: Max Cache Size: 512 MB
[2018.09.26-18.06.29:391][  0]LogDerivedDataCache: Loaded boot cache 0.08s 118MB C:/Users/pokem/AppData/Local/UnrealEngine/4.20/DerivedDataCache/Boot.ddc.
[2018.09.26-18.06.29:391][  0]LogDerivedDataCache: Display: Loaded Boot cache: C:/Users/pokem/AppData/Local/UnrealEngine/4.20/DerivedDataCache/Boot.ddc
[2018.09.26-18.06.29:391][  0]LogDerivedDataCache: FDerivedDataBackendGraph:  Pak pak cache file ../../../../../../Users/pokem/Documents/GitHub/talesofneptunia/DerivedDataCache/DDC.ddp not found, will not use a pak cache.
[2018.09.26-18.06.29:391][  0]LogDerivedDataCache: Unable to find inner node Pak for hierarchical cache Hierarchy.
[2018.09.26-18.06.29:391][  0]LogDerivedDataCache: FDerivedDataBackendGraph:  CompressedPak pak cache file ../../../../../../Users/pokem/Documents/GitHub/talesofneptunia/DerivedDataCache/Compressed.ddp not found, will not use a pak cache.
[2018.09.26-18.06.29:391][  0]LogDerivedDataCache: Unable to find inner node CompressedPak for hierarchical cache Hierarchy.
[2018.09.26-18.06.29:406][  0]LogDerivedDataCache: Display: Pak cache opened for reading ../../../Engine/DerivedDataCache/Compressed.ddp.
[2018.09.26-18.06.29:419][  0]LogDerivedDataCache: Using Local data cache path C:/Users/pokem/AppData/Local/UnrealEngine/Common/DerivedDataCache: Writable
[2018.09.26-18.06.29:419][  0]LogDerivedDataCache: Shared data cache path not found in *engine.ini, will not use an Shared cache.
[2018.09.26-18.06.29:419][  0]LogDerivedDataCache: Unable to find inner node Shared for hierarchical cache Hierarchy.
[2018.09.26-18.06.29:437][  0]LogMaterial: Verifying Global Shaders for PCD3D_SM5
[2018.09.26-18.06.29:439][  0]LogSlate: Using FreeType 2.6.0
[2018.09.26-18.06.29:440][  0]LogSlate: SlateFontServices - WITH_FREETYPE: 1, WITH_HARFBUZZ: 1
[2018.09.26-18.06.29:540][  0]LogAssetRegistry: FAssetRegistry took 0.0264 seconds to start up
[2018.09.26-18.06.29:883][  0]LogInit: Selected Device Profile: [Windows]
[2018.09.26-18.06.30:038][  0]LogSimplygon: Simplygon DLL not present - disabling.
[2018.09.26-18.06.30:043][  0]LogMeshReduction: Using SimplygonSwarm for distributed automatic mesh merging
[2018.09.26-18.06.30:043][  0]LogMeshReduction: Using ProxyLODMeshReduction for automatic mesh merging
[2018.09.26-18.06.30:043][  0]LogMeshReduction: Using QuadricMeshReduction for automatic static mesh reduction
[2018.09.26-18.06.30:043][  0]LogMeshReduction: No automatic skeletal mesh reduction module available
[2018.09.26-18.06.30:058][  0]LogNetVersion: neptunia2 1.0.0, NetCL: 4212847, EngineNetVer: 5, GameNetVer: 0 (Checksum: 3200340848)
[2018.09.26-18.06.30:653][  0]LogPackageLocalizationCache: Processed 12 localized package path(s) for 2 prioritized culture(s) in 0.168608 seconds
[2018.09.26-18.06.30:660][  0]LogUObjectArray: 38425 objects as part of root set at end of initial load.
[2018.09.26-18.06.30:660][  0]LogUObjectAllocator: 6690872 out of 0 bytes used by permanent object pool.
[2018.09.26-18.06.30:660][  0]LogUObjectArray: CloseDisregardForGC: 0/0 objects in disregard for GC pool
[2018.09.26-18.06.31:834][  0]LogDlgSystem: Verbose: Creating new DlgGuid = `1E45D25C4B298BB057DFD1A038B764CF` for Dialogue = `/Script/DlgSystem.Default__DlgDialogue` because of new created Dialogue.
[2018.09.26-18.06.31:835][  0]LogDlgSystem: Verbose: Started DlgSystemModule
[2018.09.26-18.06.31:840][  0]LogTcpMessaging: Initializing TcpMessaging bridge
[2018.09.26-18.06.31:854][  0]LogUdpMessaging: Initializing bridge on interface 0.0.0.0:0 to multicast group 230.0.0.1:6666.
[2018.09.26-18.06.32:017][  0]SourceControl: Source control is disabled
[2018.09.26-18.06.32:017][  0]SourceControl: Source control is disabled
[2018.09.26-18.06.32:018][  0]SourceControl: Source control is disabled
[2018.09.26-18.06.32:020][  0]SourceControl: Source control is disabled
[2018.09.26-18.06.32:202][  0]LogAndroidPermission: UAndroidPermissionCallbackProxy::GetInstance
[2018.09.26-18.06.32:299][  0]LogOcInput: OculusInput pre-init called
[2018.09.26-18.06.32:307][  0]LogDlgSystemEditor: Verbose: Started DlgSystemEditorModule
[2018.09.26-18.06.32:459][  0]LogDlgSystem: Verbose: Creating graph for Dialogue = `/Game/MojContent/Scripts/VisualNovelStuff/PH01.PH01`
[2018.09.26-18.06.32:459][  0]LogDlgSystem: Verbose: Creating new DlgGuid = `997345FC4EB993A1EE8B5CA085D097AC` for Dialogue = `/Game/MojContent/Scripts/VisualNovelStuff/PH01.PH01` because of new created Dialogue.
[2018.09.26-18.06.32:519][  0]LogDlgSystem: Verbose: Creating graph for Dialogue = `/Game/MojContent/Scripts/VisualNovelStuff/Test.Test`
[2018.09.26-18.06.32:519][  0]LogDlgSystem: Verbose: Creating new DlgGuid = `D8FD25534595DA255E94C8A71DC52A32` for Dialogue = `/Game/MojContent/Scripts/VisualNovelStuff/Test.Test` because of new created Dialogue.
[2018.09.26-18.06.32:667][  0]LogDlgSystem: Verbose: Creating graph for Dialogue = `/DlgSystem/TestDialogue.TestDialogue`
[2018.09.26-18.06.32:667][  0]LogDlgSystem: Verbose: Creating new DlgGuid = `262BF9E84E6DCE6CE3708FBE22633EDB` for Dialogue = `/DlgSystem/TestDialogue.TestDialogue` because of new created Dialogue.
[2018.09.26-18.06.32:668][  0]LogDlgSystem: Refreshing data for Dialogue = `/DlgSystem/TestDialogue.TestDialogue`
[2018.09.26-18.06.32:669][  0]LogDlgSystemEditor: Verbose: UDlgManager::LoadAllDialoguesIntoMemory loaded 0 Dialogues into Memory
[2018.09.26-18.06.32:738][  0]LogEngine: Initializing Engine...
[2018.09.26-18.06.32:771][  0]LogHMD: Failed to initialize OpenVR with code 126
[2018.09.26-18.06.32:773][  0]LogStats: UGameplayTagsManager::ConstructGameplayTagTree: ImportINI prefixes -  0.000 s
[2018.09.26-18.06.32:773][  0]LogStats: UGameplayTagsManager::ConstructGameplayTagTree: Construct from data asset -  0.000 s
[2018.09.26-18.06.32:773][  0]LogStats: UGameplayTagsManager::ConstructGameplayTagTree: ImportINI -  0.000 s
[2018.09.26-18.06.32:773][  0]LogStats: UGameplayTagsManager::ConstructGameplayTagTree: GameplayTagTreeChangedEvent.Broadcast -  0.000 s
[2018.09.26-18.06.32:988][  0]LogInit: Initializing FReadOnlyCVARCache
[2018.09.26-18.06.33:001][  0]LogAIModule: Creating AISystem for world Untitled
[2018.09.26-18.06.33:025][  0]LogInit: XAudio2 using 'Realtek HD Audio 2nd output (Realtek High Definition Audio)' : 2 channels at 48 kHz using 16 bits per sample (channel mask 0x3)
[2018.09.26-18.06.33:044][  0]LogInit: FAudioDevice initialized.
[2018.09.26-18.06.33:044][  0]LogNetVersion: Set ProjectVersion to 1.0.0.0. Version Checksum will be recalculated on next use.
[2018.09.26-18.06.33:180][  0]LogDerivedDataCache: Saved boot cache 0.14s 118MB C:/Users/pokem/AppData/Local/UnrealEngine/4.20/DerivedDataCache/Boot.ddc.
[2018.09.26-18.06.33:183][  0]LogInit: Texture streaming: Enabled
[2018.09.26-18.06.33:204][  0]LogEngineSessionManager: EngineSessionManager initialized
[2018.09.26-18.06.33:228][  0]LogInit: Transaction tracking system initialized
[2018.09.26-18.06.33:256][  0]BlueprintLog: New page: Editor Load
[2018.09.26-18.06.33:512][  0]LocalizationService: Localization service is disabled
[2018.09.26-18.06.33:793][  0]LogCook: Display: Max memory allowance for cook 16384mb min free memory 0mb
[2018.09.26-18.06.33:793][  0]LogCook: Display: Mobile HDR setting 1
[2018.09.26-18.06.33:793][  0]LogGameplayTags: Display: UGameplayTagsManager::DoneAddingNativeTags. DelegateIsBound: 0
[2018.09.26-18.06.33:793][  0]LogStats: UGameplayTagsManager::ConstructGameplayTagTree: ImportINI prefixes -  0.000 s
[2018.09.26-18.06.33:793][  0]LogStats: UGameplayTagsManager::ConstructGameplayTagTree: Construct from data asset -  0.000 s
[2018.09.26-18.06.33:793][  0]LogStats: UGameplayTagsManager::ConstructGameplayTagTree: ImportINI -  0.000 s
[2018.09.26-18.06.33:793][  0]LogStats: UGameplayTagsManager::ConstructGameplayTagTree: GameplayTagTreeChangedEvent.Broadcast -  0.000 s
[2018.09.26-18.06.33:927][  0]LogFileCache: Scanning file cache for directory 'C:/Users/pokem/Documents/GitHub/talesofneptunia/Content/' took 0.03s
[2018.09.26-18.06.33:927][  0]SourceControl: Source control is disabled
[2018.09.26-18.06.33:927][  0]Cmd: MAP LOAD FILE="../../../../../../Users/pokem/Documents/GitHub/talesofneptunia/Content/ThirdPersonBP/Maps/ThirdPersonExampleMap.umap" TEMPLATE=0 SHOWPROGRESS=1 FEATURELEVEL=3
[2018.09.26-18.06.33:928][  0]LightingResults: New page: Lighting Build
[2018.09.26-18.06.33:931][  0]MapCheck: New page: Map Check
[2018.09.26-18.06.33:931][  0]LightingResults: New page: Lighting Build
[2018.09.26-18.06.36:325][  0]LogAIModule: Creating AISystem for world ThirdPersonExampleMap
[2018.09.26-18.06.36:380][  0]LogEditorServer: Finished looking for orphan Actors (0.000 secs)
[2018.09.26-18.06.36:415][  0]Cmd: MAP CHECKDEP NOCLEARLOG
[2018.09.26-18.06.36:621][  0]MapCheck: Map check complete: 0 Error(s), 0 Warning(s), took 206.791ms to complete.
[2018.09.26-18.06.36:622][  0]LogFileHelpers: Loading map 'ThirdPersonExampleMap' took 2.694
[2018.09.26-18.06.36:727][  0]LogSlate: Updating window title bar state: overlay mode, drag disabled, window buttons hidden, title bar hidden
[2018.09.26-18.06.36:735][  0]LogSlate: Updating window title bar state: overlay mode, drag disabled, window buttons hidden, title bar hidden
[2018.09.26-18.06.36:744][  0]LogSlate: Updating window title bar state: overlay mode, drag disabled, window buttons hidden, title bar hidden
[2018.09.26-18.06.36:751][  0]LogSlate: Updating window title bar state: overlay mode, drag disabled, window buttons hidden, title bar hidden
[2018.09.26-18.06.36:759][  0]LogCollectionManager: Loaded 0 collections in 0.003012 seconds
[2018.09.26-18.06.36:805][  0]LogFileCache: Scanning file cache for directory 'C:/Users/pokem/Documents/GitHub/talesofneptunia/Saved/Collections/' took 0.01s
[2018.09.26-18.06.36:805][  0]LogFileCache: Scanning file cache for directory 'C:/Users/pokem/Documents/GitHub/talesofneptunia/Content/Developers/pokem/Collections/' took 0.01s
[2018.09.26-18.06.36:805][  0]LogFileCache: Scanning file cache for directory 'C:/Users/pokem/Documents/GitHub/talesofneptunia/Content/Collections/' took 0.01s
[2018.09.26-18.06.36:805][  0]LogCollectionManager: Rebuilt the GUID cache for 0 collections in 0.000000 seconds
[2018.09.26-18.06.36:815][  0]LogContentBrowser: Native class hierarchy populated in 0.0096 seconds. Added 2618 classes and 618 folders.
[2018.09.26-18.06.36:823][  0]LogContentBrowser: Native class hierarchy updated for 'WidgetCarousel' in 0.0004 seconds. Added 0 classes and 0 folders.
[2018.09.26-18.06.36:929][  0]LogContentBrowser: Native class hierarchy updated for 'AddContentDialog' in 0.0003 seconds. Added 0 classes and 0 folders.
[2018.09.26-18.06.36:936][  0]LogContentBrowser: Native class hierarchy updated for 'SceneOutliner' in 0.0004 seconds. Added 1 classes and 2 folders.
[2018.09.26-18.06.37:093][  0]LogSlate: Took 0.000325 seconds to synchronously load lazily loaded font '../../../Engine/Content/Slate/Fonts/Roboto-Regular.ttf' (155K)
[2018.09.26-18.06.37:095][  0]LogSlate: Took 0.000248 seconds to synchronously load lazily loaded font '../../../Engine/Content/Slate/Fonts/Roboto-Bold.ttf' (160K)
[2018.09.26-18.06.37:101][  0]LogSlate: Took 0.000409 seconds to synchronously load lazily loaded font '../../../Engine/Content/Editor/Slate/Fonts/FontAwesome.ttf' (139K)
[2018.09.26-18.06.37:191][  0]LogRenderer: Reallocating scene render targets to support 1352x700 Format 10 NumSamples 1 (Frame:1).
[2018.09.26-18.06.37:243][  0]LogSlate: Took 0.000324 seconds to synchronously load lazily loaded font '../../../Engine/Content/Slate/Fonts/Roboto-Light.ttf' (167K)
[2018.09.26-18.06.37:336][  0]LogContentBrowser: Native class hierarchy updated for 'HierarchicalLODOutliner' in 0.0003 seconds. Added 0 classes and 0 folders.
[2018.09.26-18.06.37:336][  0]LogLoad: (Engine Initialization) Total time: 13.41 seconds
[2018.09.26-18.06.37:336][  0]LogLoad: (Engine Initialization) Total Blueprint compile time: 0.00 seconds
[2018.09.26-18.06.37:393][  0]LogContentStreaming: Texture pool size now 1000 MB
[2018.09.26-18.06.37:446][  1]LogAssetRegistry: Asset discovery search completed in 7.9283 seconds
[2018.09.26-18.06.37:448][  1]LogCollectionManager: Rebuilt the object cache for 0 collections in 0.000000 seconds (found 0 objects)
[2018.09.26-18.06.37:449][  1]LogCollectionManager: Fixed up redirectors for 0 collections in 0.000156 seconds (updated 0 objects)
[2018.09.26-18.15.20:957][237]LogSlate: FSceneViewport::OnFocusLost() reason 0
[2018.09.26-18.15.40:536][522]LogSlate: Took 0.000356 seconds to synchronously load lazily loaded font '../../../Engine/Content/Slate/Fonts/Roboto-Light.ttf' (167K)
[2018.09.26-18.16.26:246][522]LogSlate: Window 'Pick Parent Class' being destroyed
[2018.09.26-18.16.33:902][389]LogAssetEditorManager: Opening Asset editor for LevelScriptBlueprint /Game/ThirdPersonBP/Maps/ThirdPersonExampleMap.ThirdPersonExampleMap:PersistentLevel.ThirdPersonExampleMap
[2018.09.26-18.16.34:626][389]LogContentBrowser: Native class hierarchy updated for 'BlueprintGraph' in 0.0007 seconds. Added 116 classes and 0 folders.
[2018.09.26-18.16.35:612][389]LogSlate: Took 0.005353 seconds to synchronously load lazily loaded font '../../../Engine/Content/Slate/Fonts/Roboto-BoldCondensed.ttf' (158K)
[2018.09.26-18.16.35:699][390]LogSlate: Took 0.005125 seconds to synchronously load lazily loaded font '../../../Engine/Content/Slate/Fonts/Roboto-Italic.ttf' (157K)
[2018.09.26-18.17.29:015][359]Cmd: TRANSACTION UNDO
[2018.09.26-18.17.29:015][359]LogEditorTransaction: Undo Add New Function
[2018.09.26-18.22.33:009][801]LogSavePackage: Moving '../../../../../../Users/pokem/Documents/GitHub/talesofneptunia/Saved/ThirdPersonExampleMap_Auto13F1967914911F2569CEC3DB36BEB0DA0.tmp' to '../../../../../../Users/pokem/Documents/GitHub/talesofneptunia/Saved/Autosaves/Game/ThirdPersonBP/Maps/ThirdPersonExampleMap_Auto1.umap'
[2018.09.26-18.22.33:019][801]LogFileHelpers: Editor autosave (incl. sublevels) for '/Game/ThirdPersonBP/Maps/ThirdPersonExampleMap' took 0.521
[2018.09.26-18.22.33:019][801]LogFileHelpers: Editor autosave (incl. sublevels) for all levels took 0.521
[2018.09.26-18.22.51:523][325]BlueprintLog: New page: Compile ThirdPersonExampleMap
[2018.09.26-18.22.54:113][590]BlueprintLog: New page: Compile ThirdPersonExampleMap
[2018.09.26-18.22.55:486][719]BlueprintLog: New page: Compile ThirdPersonExampleMap
[2018.09.26-18.22.56:823][762]LogSavePackage: Moving '../../../../../../Users/pokem/Documents/GitHub/talesofneptunia/Saved/ThirdPersonExampleMap1C2A49A54770CABC923493ABBA2FFBAC.tmp' to '../../../../../../Users/pokem/Documents/GitHub/talesofneptunia/Content/ThirdPersonBP/Maps/ThirdPersonExampleMap.umap'
[2018.09.26-18.22.56:868][762]LogFileHelpers: Saving map 'ThirdPersonExampleMap' took 0.774
[2018.09.26-18.23.21:796][303]LogEditorTransaction: Undo Add Node
[2018.09.26-18.24.54:706][734]BlueprintLog: New page: Compile ThirdPersonExampleMap
[2018.09.26-18.24.56:089][862]LogTemp: Repeating last play command: New Editor Window (PIE)
[2018.09.26-18.24.56:108][862]LogBlueprintUserMessages: Early PlayInEditor Detection: Level '/Game/ThirdPersonBP/Maps/ThirdPersonExampleMap.ThirdPersonExampleMap:PersistentLevel' has LevelScriptBlueprint '/Game/ThirdPersonBP/Maps/ThirdPersonExampleMap.ThirdPersonExampleMap:PersistentLevel.ThirdPersonExampleMap' with GeneratedClass '/Game/ThirdPersonBP/Maps/ThirdPersonExampleMap.ThirdPersonExampleMap_C' with ClassGeneratedBy '/Game/ThirdPersonBP/Maps/ThirdPersonExampleMap.ThirdPersonExampleMap:PersistentLevel.ThirdPersonExampleMap'
[2018.09.26-18.24.56:108][862]LogPlayLevel: PlayLevel: No blueprints needed recompiling
[2018.09.26-18.24.56:120][862]PIE: New page: PIE session: ThirdPersonExampleMap (26 Sep 2018 20:24:56)
[2018.09.26-18.24.56:120][862]LogLinker: Warning: Can't find file '/Game/MojContent/MainScreen/MainMenuGameInstace'
[2018.09.26-18.24.56:121][862]LogLinker: Warning: Can't find file '/Game/MojContent/MainScreen/MainMenuGameInstace'
[2018.09.26-18.24.56:121][862]LogUObjectGlobals: Warning: Failed to find object 'Class /Game/MojContent/MainScreen/MainMenuGameInstace.MainMenuGameInstace_C'
[2018.09.26-18.24.56:121][862]LogPlayLevel: Creating play world package: /Game/ThirdPersonBP/Maps/UEDPIE_0_ThirdPersonExampleMap
[2018.09.26-18.24.56:140][862]LogPlayLevel: PIE: StaticDuplicateObject took: (0.020658s)
[2018.09.26-18.24.56:141][862]LogAIModule: Creating AISystem for world ThirdPersonExampleMap
[2018.09.26-18.24.56:142][862]LogPlayLevel: PIE: World Init took: (0.000990s)
[2018.09.26-18.24.56:142][862]LogPlayLevel: PIE: Created PIE world by copying editor world from /Game/ThirdPersonBP/Maps/ThirdPersonExampleMap.ThirdPersonExampleMap to /Game/ThirdPersonBP/Maps/UEDPIE_0_ThirdPersonExampleMap.ThirdPersonExampleMap (0.021902s)
[2018.09.26-18.24.56:192][862]LogInit: XAudio2 using 'Realtek HD Audio 2nd output (Realtek High Definition Audio)' : 2 channels at 48 kHz using 16 bits per sample (channel mask 0x3)
[2018.09.26-18.24.56:205][862]LogInit: FAudioDevice initialized.
[2018.09.26-18.24.56:214][862]LogSlate: Updating window title bar state: overlay mode, drag disabled, window buttons hidden, title bar hidden
[2018.09.26-18.24.56:263][862]LogLoad: Game class is 'ThirdPersonGameMode1_C'
[2018.09.26-18.24.56:293][862]LogWorld: Bringing World /Game/ThirdPersonBP/Maps/UEDPIE_0_ThirdPersonExampleMap.ThirdPersonExampleMap up for play (max tick rate 0) at 2018.09.26-19.24.56
[2018.09.26-18.24.56:294][862]LogWorld: Bringing up level for play took: 0.029694
[2018.09.26-18.24.56:320][862]LogContentBrowser: Native class hierarchy updated for 'MovieSceneCapture' in 0.0005 seconds. Added 10 classes and 0 folders.
[2018.09.26-18.24.56:331][862]PIE: Play in editor start time for /Game/ThirdPersonBP/Maps/UEDPIE_0_ThirdPersonExampleMap 1.18
[2018.09.26-18.24.56:332][862]LogBlueprintUserMessages: Late PlayInEditor Detection: Level '/Game/ThirdPersonBP/Maps/ThirdPersonExampleMap.ThirdPersonExampleMap:PersistentLevel' has LevelScriptBlueprint '/Game/ThirdPersonBP/Maps/ThirdPersonExampleMap.ThirdPersonExampleMap:PersistentLevel.ThirdPersonExampleMap' with GeneratedClass '/Game/ThirdPersonBP/Maps/ThirdPersonExampleMap.ThirdPersonExampleMap_C' with ClassGeneratedBy '/Game/ThirdPersonBP/Maps/ThirdPersonExampleMap.ThirdPersonExampleMap:PersistentLevel.ThirdPersonExampleMap'
[2018.09.26-18.24.56:362][862]LogRenderer: Reallocating scene render targets to support 1352x756 Format 10 NumSamples 1 (Frame:1).
[2018.09.26-18.40.56:024][265]LogSlate: FSceneViewport::OnFocusLost() reason 2
[2018.09.26-18.41.03:234][957]LogBlueprintUserMessages: Early EndPlayMap Detection: Level '/Game/ThirdPersonBP/Maps/ThirdPersonExampleMap.ThirdPersonExampleMap:PersistentLevel' has LevelScriptBlueprint '/Game/ThirdPersonBP/Maps/ThirdPersonExampleMap.ThirdPersonExampleMap:PersistentLevel.ThirdPersonExampleMap' with GeneratedClass '/Game/ThirdPersonBP/Maps/ThirdPersonExampleMap.ThirdPersonExampleMap_C' with ClassGeneratedBy '/Game/ThirdPersonBP/Maps/ThirdPersonExampleMap.ThirdPersonExampleMap:PersistentLevel.ThirdPersonExampleMap'
[2018.09.26-18.41.03:234][957]LogSlate: Updating window title bar state: overlay mode, drag disabled, window buttons hidden, title bar hidden
[2018.09.26-18.41.03:257][957]LogSlate: Window 'neptunia2 Game Preview Standalone (64-bit/PCD3D_SM5)' being destroyed
[2018.09.26-18.41.03:289][957]LogPlayLevel: Display: Shutting down PIE online subsystems
[2018.09.26-18.41.03:290][957]LogBlueprintUserMessages: Late EndPlayMap Detection: Level '/Game/ThirdPersonBP/Maps/ThirdPersonExampleMap.ThirdPersonExampleMap:PersistentLevel' has LevelScriptBlueprint '/Game/ThirdPersonBP/Maps/ThirdPersonExampleMap.ThirdPersonExampleMap:PersistentLevel.ThirdPersonExampleMap' with GeneratedClass '/Game/ThirdPersonBP/Maps/ThirdPersonExampleMap.ThirdPersonExampleMap_C' with ClassGeneratedBy '/Game/ThirdPersonBP/Maps/ThirdPersonExampleMap.ThirdPersonExampleMap:PersistentLevel.ThirdPersonExampleMap'
[2018.09.26-18.41.03:377][958]LogPlayLevel: Display: Destroying online subsystem :Context_19
[2018.09.26-18.41.17:913][672]BlueprintLog: New page: Compile ThirdPersonExampleMap
[2018.09.26-18.41.19:170][791]LogTemp: Repeating last play command: New Editor Window (PIE)
[2018.09.26-18.41.19:188][791]LogBlueprintUserMessages: Early PlayInEditor Detection: Level '/Game/ThirdPersonBP/Maps/ThirdPersonExampleMap.ThirdPersonExampleMap:PersistentLevel' has LevelScriptBlueprint '/Game/ThirdPersonBP/Maps/ThirdPersonExampleMap.ThirdPersonExampleMap:PersistentLevel.ThirdPersonExampleMap' with GeneratedClass '/Game/ThirdPersonBP/Maps/ThirdPersonExampleMap.ThirdPersonExampleMap_C' with ClassGeneratedBy '/Game/ThirdPersonBP/Maps/ThirdPersonExampleMap.ThirdPersonExampleMap:PersistentLevel.ThirdPersonExampleMap'
[2018.09.26-18.41.19:188][791]LogPlayLevel: PlayLevel: No blueprints needed recompiling
[2018.09.26-18.41.19:188][791]PIE: New page: PIE session: ThirdPersonExampleMap (26 Sep 2018 20:41:19)
[2018.09.26-18.41.19:189][791]LogPlayLevel: Creating play world package: /Game/ThirdPersonBP/Maps/UEDPIE_0_ThirdPersonExampleMap
[2018.09.26-18.41.19:225][791]LogPlayLevel: PIE: StaticDuplicateObject took: (0.035605s)
[2018.09.26-18.41.19:225][791]LogAIModule: Creating AISystem for world ThirdPersonExampleMap
[2018.09.26-18.41.19:225][791]LogPlayLevel: PIE: World Init took: (0.000753s)
[2018.09.26-18.41.19:226][791]LogPlayLevel: PIE: Created PIE world by copying editor world from /Game/ThirdPersonBP/Maps/ThirdPersonExampleMap.ThirdPersonExampleMap to /Game/ThirdPersonBP/Maps/UEDPIE_0_ThirdPersonExampleMap.ThirdPersonExampleMap (0.036585s)
[2018.09.26-18.41.19:273][791]LogInit: XAudio2 using 'Realtek HD Audio 2nd output (Realtek High Definition Audio)' : 2 channels at 48 kHz using 16 bits per sample (channel mask 0x3)
[2018.09.26-18.41.19:286][791]LogInit: FAudioDevice initialized.
[2018.09.26-18.41.19:293][791]LogSlate: Updating window title bar state: overlay mode, drag disabled, window buttons hidden, title bar hidden
[2018.09.26-18.41.19:326][791]LogLoad: Game class is 'ThirdPersonGameMode1_C'
[2018.09.26-18.41.19:355][791]LogWorld: Bringing World /Game/ThirdPersonBP/Maps/UEDPIE_0_ThirdPersonExampleMap.ThirdPersonExampleMap up for play (max tick rate 0) at 2018.09.26-19.41.19
[2018.09.26-18.41.19:356][791]LogWorld: Bringing up level for play took: 0.029395
[2018.09.26-18.41.19:377][791]PIE: Play in editor start time for /Game/ThirdPersonBP/Maps/UEDPIE_0_ThirdPersonExampleMap 0.225
[2018.09.26-18.41.19:377][791]LogBlueprintUserMessages: Late PlayInEditor Detection: Level '/Game/ThirdPersonBP/Maps/ThirdPersonExampleMap.ThirdPersonExampleMap:PersistentLevel' has LevelScriptBlueprint '/Game/ThirdPersonBP/Maps/ThirdPersonExampleMap.ThirdPersonExampleMap:PersistentLevel.ThirdPersonExampleMap' with GeneratedClass '/Game/ThirdPersonBP/Maps/ThirdPersonExampleMap.ThirdPersonExampleMap_C' with ClassGeneratedBy '/Game/ThirdPersonBP/Maps/ThirdPersonExampleMap.ThirdPersonExampleMap:PersistentLevel.ThirdPersonExampleMap'
[2018.09.26-18.42.00:819][536]LogBlueprintUserMessages: Early EndPlayMap Detection: Level '/Game/ThirdPersonBP/Maps/ThirdPersonExampleMap.ThirdPersonExampleMap:PersistentLevel' has LevelScriptBlueprint '/Game/ThirdPersonBP/Maps/ThirdPersonExampleMap.ThirdPersonExampleMap:PersistentLevel.ThirdPersonExampleMap' with GeneratedClass '/Game/ThirdPersonBP/Maps/ThirdPersonExampleMap.ThirdPersonExampleMap_C' with ClassGeneratedBy '/Game/ThirdPersonBP/Maps/ThirdPersonExampleMap.ThirdPersonExampleMap:PersistentLevel.ThirdPersonExampleMap'
[2018.09.26-18.42.00:819][536]LogSlate: Updating window title bar state: overlay mode, drag disabled, window buttons hidden, title bar hidden
[2018.09.26-18.42.00:843][536]LogSlate: Window 'neptunia2 Game Preview Standalone (64-bit/PCD3D_SM5)' being destroyed
[2018.09.26-18.42.00:879][536]LogPlayLevel: Display: Shutting down PIE online subsystems
[2018.09.26-18.42.00:880][536]LogBlueprintUserMessages: Late EndPlayMap Detection: Level '/Game/ThirdPersonBP/Maps/ThirdPersonExampleMap.ThirdPersonExampleMap:PersistentLevel' has LevelScriptBlueprint '/Game/ThirdPersonBP/Maps/ThirdPersonExampleMap.ThirdPersonExampleMap:PersistentLevel.ThirdPersonExampleMap' with GeneratedClass '/Game/ThirdPersonBP/Maps/ThirdPersonExampleMap.ThirdPersonExampleMap_C' with ClassGeneratedBy '/Game/ThirdPersonBP/Maps/ThirdPersonExampleMap.ThirdPersonExampleMap:PersistentLevel.ThirdPersonExampleMap'
[2018.09.26-18.42.00:959][537]LogPlayLevel: Display: Destroying online subsystem :Context_20
[2018.09.26-18.42.06:563][776]LogSavePackage: Moving '../../../../../../Users/pokem/Documents/GitHub/talesofneptunia/Saved/ThirdPersonExampleMapB12DEAF34AF4E89C5FBD988B1BB27FE4.tmp' to '../../../../../../Users/pokem/Documents/GitHub/talesofneptunia/Content/ThirdPersonBP/Maps/ThirdPersonExampleMap.umap'
[2018.09.26-18.42.06:611][776]LogFileHelpers: Saving map 'ThirdPersonExampleMap' took 3.612
[2018.09.26-18.42.07:562][864]LogSlate: Window 'ThirdPersonExampleMap - Level Blueprint Editor' being destroyed
[2018.09.26-18.42.16:921][355]LogSavePackage: Moving '../../../../../../Users/pokem/Documents/GitHub/talesofneptunia/Saved/ThirdPersonExampleMap96A1B73146DBB0E6087831B694F39CC6.tmp' to '../../../../../../Users/pokem/Documents/GitHub/talesofneptunia/Content/ThirdPersonBP/Maps/ThirdPersonExampleMap.umap'
[2018.09.26-18.42.17:216][355]LogSavePackage: Moving '../../../../../../Users/pokem/Documents/GitHub/talesofneptunia/Saved/ThirdPersonExampleMap_BuiltData5FD28C3747BFB72CA877CD8495B08180.tmp' to '../../../../../../Users/pokem/Documents/GitHub/talesofneptunia/Content/ThirdPersonBP/Maps/ThirdPersonExampleMap_BuiltData.uasset'
[2018.09.26-18.42.18:045][427]LogSlate: Window 'neptunia2 - Unreal Editor' being destroyed
[2018.09.26-18.42.18:045][427]LogWindowsTextInputMethodSystem: Display: IME system now deactivated.
[2018.09.26-18.42.18:224][428]Cmd: QUIT_EDITOR
[2018.09.26-18.42.18:338][428]LogExit: Preparing to exit.
[2018.09.26-18.42.19:036][428]LogExit: Editor shut down
[2018.09.26-18.42.19:036][428]LogExit: Transaction tracking system shut down
[2018.09.26-18.42.19:636][428]LogExit: Object subsystem successfully closed.
[2018.09.26-18.42.19:654][428]LogShaderCompilers: Display: Shaders left to compile 0
[2018.09.26-18.42.19:661][428]LogD3D11RHI: Shutdown
[2018.09.26-18.42.19:661][428]LogD3D11RHI: CleanupD3DDevice
[2018.09.26-18.42.19:673][428]LogD3D11RHI: ~FD3D11DynamicRHI
[2018.09.26-18.42.19:697][428]LogModuleManager: Shutting down and abandoning module MovieSceneCapture (620)
[2018.09.26-18.42.19:697][428]LogModuleManager: Shutting down and abandoning module Voice (618)
[2018.09.26-18.42.19:697][428]LogModuleManager: Shutting down and abandoning module BlueprintGraph (616)
[2018.09.26-18.42.19:697][428]LogModuleManager: Shutting down and abandoning module HierarchicalLODOutliner (614)
[2018.09.26-18.42.19:697][428]LogModuleManager: Shutting down and abandoning module SceneOutliner (612)
[2018.09.26-18.42.19:698][428]LogModuleManager: Shutting down and abandoning module AddContentDialog (610)
[2018.09.26-18.42.19:699][428]LogModuleManager: Shutting down and abandoning module WidgetCarousel (609)
[2018.09.26-18.42.19:699][428]LogModuleManager: Shutting down and abandoning module EditorWidgets (606)
[2018.09.26-18.42.19:699][428]LogModuleManager: Shutting down and abandoning module CollectionManager (604)
[2018.09.26-18.42.19:699][428]LogModuleManager: Shutting down and abandoning module StatsViewer (602)
[2018.09.26-18.42.19:699][428]LogModuleManager: Shutting down and abandoning module FoliageEdit (600)
[2018.09.26-18.42.19:699][428]LogModuleManager: Shutting down and abandoning module LandscapeEditor (598)
[2018.09.26-18.42.19:699][428]LogModuleManager: Shutting down and abandoning module MeshPaintMode (596)
[2018.09.26-18.42.19:699][428]LogModuleManager: Shutting down and abandoning module SceneDepthPickerMode (594)
[2018.09.26-18.42.19:699][428]LogModuleManager: Shutting down and abandoning module ActorPickerMode (592)
[2018.09.26-18.42.19:699][428]LogModuleManager: Shutting down and abandoning module GeometryMode (590)
[2018.09.26-18.42.19:699][428]LogModuleManager: Shutting down and abandoning module TextureAlignMode (588)
[2018.09.26-18.42.19:699][428]LogModuleManager: Shutting down and abandoning module BspMode (586)
[2018.09.26-18.42.19:700][428]LogModuleManager: Shutting down and abandoning module PIEPreviewDeviceProfileSelector (584)
[2018.09.26-18.42.19:700][428]LogModuleManager: Shutting down and abandoning module SequenceRecorderSections (582)
[2018.09.26-18.42.19:700][428]LogModuleManager: Shutting down and abandoning module AutomationWorker (580)
[2018.09.26-18.42.19:700][428]LogModuleManager: Shutting down and abandoning module AudioCaptureEditor (578)
[2018.09.26-18.42.19:700][428]LogModuleManager: Shutting down and abandoning module SequenceRecorder (577)
[2018.09.26-18.42.19:700][428]LogModuleManager: Shutting down and abandoning module MatineeToLevelSequence (574)
[2018.09.26-18.42.19:700][428]LogModuleManager: Shutting down and abandoning module LevelSequenceEditor (572)
[2018.09.26-18.42.19:700][428]LogModuleManager: Shutting down and abandoning module PlacementMode (571)
[2018.09.26-18.42.19:701][428]LogModuleManager: Shutting down and abandoning module MaterialEditor (570)
[2018.09.26-18.42.19:701][428]LogModuleManager: Shutting down and abandoning module WmfMediaFactory (566)
[2018.09.26-18.42.19:701][428]LogModuleManager: Shutting down and abandoning module WmfMediaEditor (564)
[2018.09.26-18.42.19:701][428]LogModuleManager: Shutting down and abandoning module MediaPlayerEditor (562)
[2018.09.26-18.42.19:701][428]LogModuleManager: Shutting down and abandoning module OpenExrWrapper (560)
[2018.09.26-18.42.19:701][428]LogModuleManager: Shutting down and abandoning module ImgMediaFactory (558)
[2018.09.26-18.42.19:701][428]LogModuleManager: Shutting down and abandoning module ImgMediaEditor (556)
[2018.09.26-18.42.19:701][428]LogModuleManager: Shutting down and abandoning module AvfMediaFactory (554)
[2018.09.26-18.42.19:701][428]LogModuleManager: Shutting down and abandoning module AvfMediaEditor (552)
[2018.09.26-18.42.19:701][428]LogModuleManager: Shutting down and abandoning module AndroidMediaFactory (550)
[2018.09.26-18.42.19:701][428]LogModuleManager: Shutting down and abandoning module AndroidMediaEditor (548)
[2018.09.26-18.42.19:701][428]LogModuleManager: Shutting down and abandoning module MagicLeapCameraPreviewFactory (546)
[2018.09.26-18.42.19:701][428]LogModuleManager: Shutting down and abandoning module MagicLeapMediaFactory (544)
[2018.09.26-18.42.19:701][428]LogModuleManager: Shutting down and abandoning module MagicLeapMediaEditor (542)
[2018.09.26-18.42.19:701][428]LogModuleManager: Shutting down and abandoning module CharacterAI (540)
[2018.09.26-18.42.19:701][428]LogModuleManager: Shutting down and abandoning module SmartSnapping (538)
[2018.09.26-18.42.19:703][428]LogModuleManager: Shutting down and abandoning module SessionServices (536)
[2018.09.26-18.42.19:703][428]LogModuleManager: Shutting down and abandoning module ViewportSnapping (534)
[2018.09.26-18.42.19:703][428]LogModuleManager: Shutting down and abandoning module ViewportInteraction (532)
[2018.09.26-18.42.19:703][428]LogModuleManager: Shutting down and abandoning module ClothPainter (530)
[2018.09.26-18.42.19:703][428]LogModuleManager: Shutting down and abandoning module SkeletalMeshEditor (529)
[2018.09.26-18.42.19:703][428]LogModuleManager: Shutting down and abandoning module LogVisualizer (526)
[2018.09.26-18.42.19:703][428]LogModuleManager: Shutting down and abandoning module IntroTutorials (524)
[2018.09.26-18.42.19:703][428]LogModuleManager: Shutting down and abandoning module GameProjectGeneration (523)
[2018.09.26-18.42.19:703][428]LogModuleManager: Shutting down and abandoning module LuminPlatformEditor (520)
[2018.09.26-18.42.19:703][428]LogModuleManager: Shutting down and abandoning module IOSPlatformEditor (518)
[2018.09.26-18.42.19:703][428]LogModuleManager: Shutting down and abandoning module HTML5PlatformEditor (516)
[2018.09.26-18.42.19:703][428]LogModuleManager: Shutting down and abandoning module AndroidPlatformEditor (514)
[2018.09.26-18.42.19:703][428]LogModuleManager: Shutting down and abandoning module AndroidDeviceDetection (513)
[2018.09.26-18.42.19:732][428]LogModuleManager: Shutting down and abandoning module WindowsPlatformEditor (510)
[2018.09.26-18.42.19:732][428]LogModuleManager: Shutting down and abandoning module LuminRuntimeSettings (508)
[2018.09.26-18.42.19:732][428]LogModuleManager: Shutting down and abandoning module IOSRuntimeSettings (506)
[2018.09.26-18.42.19:732][428]LogModuleManager: Shutting down and abandoning module AndroidRuntimeSettings (504)
[2018.09.26-18.42.19:732][428]LogModuleManager: Shutting down and abandoning module InputBindingEditor (502)
[2018.09.26-18.42.19:732][428]LogModuleManager: Shutting down and abandoning module MergeActors (500)
[2018.09.26-18.42.19:732][428]LogModuleManager: Shutting down and abandoning module LocalizationDashboard (498)
[2018.09.26-18.42.19:732][428]LogModuleManager: Shutting down and abandoning module LocalizationService (497)
[2018.09.26-18.42.19:732][428]LogModuleManager: Shutting down and abandoning module HardwareTargeting (494)
[2018.09.26-18.42.19:732][428]LogModuleManager: Shutting down and abandoning module DeviceProfileEditor (492)
[2018.09.26-18.42.19:733][428]LogModuleManager: Shutting down and abandoning module UndoHistory (490)
[2018.09.26-18.42.19:733][428]LogModuleManager: Shutting down and abandoning module XmlParser (488)
[2018.09.26-18.42.19:733][428]LogModuleManager: Shutting down and abandoning module Blutility (486)
[2018.09.26-18.42.19:733][428]LogModuleManager: Shutting down and abandoning module ProjectSettingsViewer (484)
[2018.09.26-18.42.19:733][428]LogModuleManager: Shutting down and abandoning module ProjectTargetPlatformEditor (483)
[2018.09.26-18.42.19:733][428]LogModuleManager: Shutting down and abandoning module EditorSettingsViewer (480)
[2018.09.26-18.42.19:733][428]LogModuleManager: Shutting down and abandoning module SettingsEditor (478)
[2018.09.26-18.42.19:733][428]LogModuleManager: Shutting down and abandoning module ProjectLauncher (476)
[2018.09.26-18.42.19:733][428]LogModuleManager: Shutting down and abandoning module SessionFrontend (474)
[2018.09.26-18.42.19:733][428]LogModuleManager: Shutting down and abandoning module ProfilerClient (472)
[2018.09.26-18.42.19:733][428]LogModuleManager: Shutting down and abandoning module DeviceManager (470)
[2018.09.26-18.42.19:733][428]LogModuleManager: Shutting down and abandoning module TargetDeviceServices (469)
[2018.09.26-18.42.19:777][428]LogModuleManager: Shutting down and abandoning module AutomationController (466)
[2018.09.26-18.42.19:777][428]LogModuleManager: Shutting down and abandoning module AutomationWindow (464)
[2018.09.26-18.42.19:777][428]LogModuleManager: Shutting down and abandoning module Layers (462)
[2018.09.26-18.42.19:777][428]LogModuleManager: Shutting down and abandoning module ComponentVisualizers (460)
[2018.09.26-18.42.19:778][428]LogModuleManager: Shutting down and abandoning module DetailCustomizations (458)
[2018.09.26-18.42.19:778][428]LogModuleManager: Shutting down and abandoning module PackagesDialog (456)
[2018.09.26-18.42.19:778][428]LogModuleManager: Shutting down and abandoning module Persona (454)
[2018.09.26-18.42.19:778][428]LogModuleManager: Shutting down and abandoning module AdvancedPreviewScene (453)
[2018.09.26-18.42.19:778][428]LogModuleManager: Shutting down and abandoning module AnimGraph (451)
[2018.09.26-18.42.19:778][428]LogModuleManager: Shutting down and abandoning module Kismet (448)
[2018.09.26-18.42.19:787][428]LogModuleManager: Shutting down and abandoning module GraphEditor (446)
[2018.09.26-18.42.19:788][428]LogModuleManager: Shutting down and abandoning module ClassViewer (444)
[2018.09.26-18.42.19:790][428]LogModuleManager: Shutting down and abandoning module Toolbox (442)
[2018.09.26-18.42.19:790][428]LogModuleManager: Shutting down and abandoning module ModuleUI (440)
[2018.09.26-18.42.19:790][428]LogModuleManager: Shutting down and abandoning module MovieSceneTools (438)
[2018.09.26-18.42.19:790][428]LogModuleManager: Shutting down and abandoning module OutputLog (436)
[2018.09.26-18.42.19:790][428]LogModuleManager: Shutting down and abandoning module GammaUI (434)
[2018.09.26-18.42.19:790][428]LogModuleManager: Shutting down and abandoning module Documentation (432)
[2018.09.26-18.42.19:790][428]LogModuleManager: Shutting down and abandoning module MovieSceneTracks (430)
[2018.09.26-18.42.19:790][428]LogModuleManager: Shutting down and abandoning module MovieScene (428)
[2018.09.26-18.42.19:790][428]LogModuleManager: Shutting down and abandoning module StreamingPauseRendering (426)
[2018.09.26-18.42.19:790][428]LogModuleManager: Shutting down and abandoning module LauncherPlatform (424)
[2018.09.26-18.42.19:790][428]LogModuleManager: Shutting down and abandoning module AnalyticsET (422)
[2018.09.26-18.42.19:790][428]LogModuleManager: Shutting down and abandoning module PortalServices (420)
[2018.09.26-18.42.19:790][428]LogModuleManager: Shutting down and abandoning module PortalRpc (418)
[2018.09.26-18.42.19:790][428]LogModuleManager: Shutting down and abandoning module MessagingRpc (416)
[2018.09.26-18.42.19:790][428]LogModuleManager: Shutting down and abandoning module AIModule (414)
[2018.09.26-18.42.19:790][428]LogModuleManager: Shutting down and abandoning module AITestSuite (413)
[2018.09.26-18.42.19:790][428]LogModuleManager: Shutting down and abandoning module NavigationSystem (411)
[2018.09.26-18.42.19:790][428]LogModuleManager: Shutting down and abandoning module DesktopPlatform (408)
[2018.09.26-18.42.19:790][428]LogModuleManager: Shutting down and abandoning module ProfilerService (406)
[2018.09.26-18.42.19:815][428]LogModuleManager: Shutting down and abandoning module TaskGraph (404)
[2018.09.26-18.42.19:815][428]LogModuleManager: Shutting down and abandoning module DlgSystemEditor (402)
[2018.09.26-18.42.19:815][428]LogDlgSystemEditor: Verbose: Stopped DlgSystemEditorModule
[2018.09.26-18.42.19:815][428]LogModuleManager: Shutting down and abandoning module SteamVRController (400)
[2018.09.26-18.42.19:815][428]LogModuleManager: Shutting down and abandoning module ProceduralMeshComponentEditor (398)
[2018.09.26-18.42.19:815][428]LogModuleManager: Shutting down and abandoning module ProceduralMeshComponent (396)
[2018.09.26-18.42.19:815][428]LogModuleManager: Shutting down and abandoning module OculusInput (394)
[2018.09.26-18.42.19:815][428]LogModuleManager: Shutting down and abandoning module MobilePatchingUtils (392)
[2018.09.26-18.42.19:815][428]LogModuleManager: Shutting down and abandoning module EditableMesh (390)
[2018.09.26-18.42.19:815][428]LogModuleManager: Shutting down and abandoning module CustomMeshComponent (388)
[2018.09.26-18.42.19:815][428]LogModuleManager: Shutting down and abandoning module CableComponent (386)
[2018.09.26-18.42.19:815][428]LogModuleManager: Shutting down and abandoning module AudioCapture (384)
[2018.09.26-18.42.19:815][428]LogModuleManager: Shutting down and abandoning module ArchVisCharacter (382)
[2018.09.26-18.42.19:815][428]LogModuleManager: Shutting down and abandoning module AndroidPermission (380)
[2018.09.26-18.42.19:815][428]LogModuleManager: Shutting down and abandoning module NUTUnrealEngine4 (378)
[2018.09.26-18.42.19:815][428]LogModuleManager: Shutting down and abandoning module NetcodeUnitTest (376)
[2018.09.26-18.42.19:816][428]LogModuleManager: Shutting down and abandoning module MediaCompositingEditor (374)
[2018.09.26-18.42.19:816][428]LogModuleManager: Shutting down and abandoning module MediaCompositing (372)
[2018.09.26-18.42.19:816][428]LogModuleManager: Shutting down and abandoning module LinearTimecode (370)
[2018.09.26-18.42.19:816][428]LogModuleManager: Shutting down and abandoning module ImgMedia (368)
[2018.09.26-18.42.19:820][428]LogModuleManager: Shutting down and abandoning module HTML5Networking (366)
[2018.09.26-18.42.19:820][428]LogModuleManager: Shutting down and abandoning module GeometryCacheTracks (364)
[2018.09.26-18.42.19:820][428]LogModuleManager: Shutting down and abandoning module GeometryCacheSequencer (362)
[2018.09.26-18.42.19:820][428]LogModuleManager: Shutting down and abandoning module BackChannel (360)
[2018.09.26-18.42.19:820][428]LogModuleManager: Shutting down and abandoning module AppleVision (358)
[2018.09.26-18.42.19:820][428]LogModuleManager: Shutting down and abandoning module AppleImageUtils (356)
[2018.09.26-18.42.19:820][428]LogModuleManager: Shutting down and abandoning module AlembicImporter (354)
[2018.09.26-18.42.19:820][428]LogModuleManager: Shutting down and abandoning module AlembicLibrary (353)
[2018.09.26-18.42.19:820][428]LogModuleManager: Shutting down and abandoning module GeometryCache (352)
[2018.09.26-18.42.19:820][428]LogModuleManager: Shutting down and abandoning module GeometryCacheEd (351)
[2018.09.26-18.42.19:820][428]LogModuleManager: Shutting down and abandoning module DatasmithContentEditor (346)
[2018.09.26-18.42.19:821][428]LogModuleManager: Shutting down and abandoning module DatasmithContent (344)
[2018.09.26-18.42.19:821][428]LogModuleManager: Shutting down and abandoning module SpeedTreeImporter (342)
[2018.09.26-18.42.19:821][428]LogModuleManager: Shutting down and abandoning module PluginBrowser (340)
[2018.09.26-18.42.19:821][428]LogModuleManager: Shutting down and abandoning module MobileLauncherProfileWizard (338)
[2018.09.26-18.42.19:821][428]LogModuleManager: Shutting down and abandoning module PolygonModeling (336)
[2018.09.26-18.42.19:821][428]LogModuleManager: Shutting down and abandoning module MeshEditor (334)
[2018.09.26-18.42.19:821][428]LogModuleManager: Shutting down and abandoning module CryptoKeysOpenSSL (332)
[2018.09.26-18.42.19:821][428]LogModuleManager: Shutting down and abandoning module CryptoKeys (330)
[2018.09.26-18.42.19:821][428]LogModuleManager: Shutting down and abandoning module VisualStudioSourceCodeAccess (328)
[2018.09.26-18.42.19:821][428]LogModuleManager: Shutting down and abandoning module VisualStudioCodeSourceCodeAccess (326)
[2018.09.26-18.42.19:821][428]LogModuleManager: Shutting down and abandoning module UObjectPlugin (324)
[2018.09.26-18.42.19:821][428]LogModuleManager: Shutting down and abandoning module SubversionSourceControl (322)
[2018.09.26-18.42.19:821][428]LogModuleManager: Shutting down and abandoning module PerforceSourceControl (320)
[2018.09.26-18.42.19:821][428]LogModuleManager: Shutting down and abandoning module GitSourceControl (318)
[2018.09.26-18.42.19:821][428]LogModuleManager: Shutting down and abandoning module SourceControl (317)
[2018.09.26-18.42.19:821][428]LogModuleManager: Shutting down and abandoning module CLionSourceCodeAccess (314)
[2018.09.26-18.42.19:821][428]LogModuleManager: Shutting down and abandoning module LightPropagationVolumeEditor (312)
[2018.09.26-18.42.19:821][428]LogModuleManager: Shutting down and abandoning module PaperTiledImporter (310)
[2018.09.26-18.42.19:822][428]LogModuleManager: Shutting down and abandoning module PaperSpriteSheetImporter (308)
[2018.09.26-18.42.19:822][428]LogModuleManager: Shutting down and abandoning module Paper2DEditor (306)
[2018.09.26-18.42.19:822][428]LogModuleManager: Shutting down and abandoning module MeshPaint (305)
[2018.09.26-18.42.19:822][428]LogModuleManager: Shutting down and abandoning module RuntimePhysXCooking (302)
[2018.09.26-18.42.19:822][428]LogModuleManager: Shutting down and abandoning module PhysXVehiclesEditor (300)
[2018.09.26-18.42.19:822][428]LogModuleManager: Shutting down and abandoning module PhysXVehicles (298)
[2018.09.26-18.42.19:822][428]LogModuleManager: Shutting down and abandoning module OculusEditor (296)
[2018.09.26-18.42.19:822][428]LogModuleManager: Shutting down and abandoning module LocationServicesBPLibrary (294)
[2018.09.26-18.42.19:822][428]LogModuleManager: Shutting down and abandoning module ImmediatePhysicsEditor (292)
[2018.09.26-18.42.19:822][428]LogModuleManager: Shutting down and abandoning module ImmediatePhysics (290)
[2018.09.26-18.42.19:822][428]LogModuleManager: Shutting down and abandoning module ActorSequence (288)
[2018.09.26-18.42.19:822][428]LogModuleManager: Shutting down and abandoning module UdpMessaging (286)
[2018.09.26-18.42.19:923][428]LogModuleManager: Shutting down and abandoning module TcpMessaging (284)
[2018.09.26-18.42.20:024][428]LogModuleManager: Shutting down and abandoning module DlgSystem (282)
[2018.09.26-18.42.20:024][428]LogDlgSystem: Verbose: Stopped DlgSystemModule
[2018.09.26-18.42.20:024][428]LogModuleManager: Shutting down and abandoning module GameplayDebugger (281)
[2018.09.26-18.42.20:024][428]LogModuleManager: Shutting down and abandoning module MagicLeapAudio (278)
[2018.09.26-18.42.20:024][428]LogModuleManager: Shutting down and abandoning module GameplayTagsEditor (276)
[2018.09.26-18.42.20:024][428]LogModuleManager: Shutting down and abandoning module FacialAnimationEditor (274)
[2018.09.26-18.42.20:024][428]LogModuleManager: Shutting down and abandoning module FacialAnimation (272)
[2018.09.26-18.42.20:024][428]LogModuleManager: Shutting down and abandoning module DataValidation (270)
[2018.09.26-18.42.20:024][428]LogModuleManager: Shutting down and abandoning module AssetManagerEditor (268)
[2018.09.26-18.42.20:024][428]LogModuleManager: Shutting down and abandoning module LevelEditor (267)
[2018.09.26-18.42.20:026][428]LogModuleManager: Shutting down and abandoning module PixelInspectorModule (266)
[2018.09.26-18.42.20:026][428]LogModuleManager: Shutting down and abandoning module CommonMenuExtensions (264)
[2018.09.26-18.42.20:026][428]LogModuleManager: Shutting down and abandoning module MainFrame (262)
[2018.09.26-18.42.20:026][428]LogModuleManager: Shutting down and abandoning module HotReload (261)
[2018.09.26-18.42.20:027][428]LogModuleManager: Shutting down and abandoning module ContentBrowser (257)
[2018.09.26-18.42.20:028][428]LogModuleManager: Shutting down and abandoning module TreeMap (255)
[2018.09.26-18.42.20:028][428]LogModuleManager: Shutting down and abandoning module LightPropagationVolumeRuntime (252)
[2018.09.26-18.42.20:028][428]LogModuleManager: Shutting down and abandoning module AISupportModule (250)
[2018.09.26-18.42.20:028][428]LogModuleManager: Shutting down and abandoning module Paper2D (248)
[2018.09.26-18.42.20:028][428]LogModuleManager: Shutting down and abandoning module WindowsMoviePlayer (246)
[2018.09.26-18.42.20:028][428]LogModuleManager: Shutting down and abandoning module WmfMedia (244)
[2018.09.26-18.42.20:030][428]LogModuleManager: Shutting down and abandoning module Media (243)
[2018.09.26-18.42.20:035][428]LogModuleManager: Shutting down and abandoning module PacketHandler (240)
[2018.09.26-18.42.20:035][428]LogModuleManager: Shutting down and abandoning module ClothingSystemEditor (238)
[2018.09.26-18.42.20:035][428]LogModuleManager: Shutting down and abandoning module ClothingSystemRuntime (236)
[2018.09.26-18.42.20:035][428]LogModuleManager: Shutting down and abandoning module MediaAssets (234)
[2018.09.26-18.42.20:035][428]LogModuleManager: Shutting down and abandoning module Overlay (232)
[2018.09.26-18.42.20:035][428]LogModuleManager: Shutting down and abandoning module OverlayEditor (231)
[2018.09.26-18.42.20:035][428]LogModuleManager: Shutting down and abandoning module VREditor (228)
[2018.09.26-18.42.20:035][428]LogModuleManager: Shutting down and abandoning module StringTableEditor (226)
[2018.09.26-18.42.20:035][428]LogModuleManager: Shutting down and abandoning module GameplayTasksEditor (224)
[2018.09.26-18.42.20:035][428]LogModuleManager: Shutting down and abandoning module BehaviorTreeEditor (222)
[2018.09.26-18.42.20:035][428]LogModuleManager: Shutting down and abandoning module FunctionalTesting (220)
[2018.09.26-18.42.20:035][428]LogModuleManager: Shutting down and abandoning module CollisionAnalyzer (218)
[2018.09.26-18.42.20:035][428]LogModuleManager: Shutting down and abandoning module WorkspaceMenuStructure (217)
[2018.09.26-18.42.20:035][428]LogModuleManager: Shutting down and abandoning module UMG (214)
[2018.09.26-18.42.20:035][428]LogModuleManager: Shutting down and abandoning module UMGEditor (213)
[2018.09.26-18.42.20:035][428]LogModuleManager: Shutting down and abandoning module Sequencer (212)
[2018.09.26-18.42.20:036][428]LogModuleManager: Shutting down and abandoning module MessageLog (209)
[2018.09.26-18.42.20:036][428]LogModuleManager: Shutting down and abandoning module SlateReflector (204)
[2018.09.26-18.42.20:036][428]LogModuleManager: Shutting down and abandoning module Slate (202)
[2018.09.26-18.42.20:036][428]LogModuleManager: Shutting down and abandoning module EditorStyle (200)
[2018.09.26-18.42.20:038][428]LogModuleManager: Shutting down and abandoning module MRMesh (198)
[2018.09.26-18.42.20:038][428]LogModuleManager: Shutting down and abandoning module SourceCodeAccess (196)
[2018.09.26-18.42.20:039][428]LogModuleManager: Shutting down and abandoning module HeadMountedDisplay (194)
[2018.09.26-18.42.20:039][428]LogModuleManager: Shutting down and abandoning module XAudio2 (192)
[2018.09.26-18.42.20:039][428]LogModuleManager: Shutting down and abandoning module Networking (190)
[2018.09.26-18.42.20:039][428]LogModuleManager: Shutting down and abandoning module Core (188)
[2018.09.26-18.42.20:039][428]LogModuleManager: Shutting down and abandoning module LevelSequence (186)
[2018.09.26-18.42.20:039][428]LogModuleManager: Shutting down and abandoning module KismetCompiler (184)
[2018.09.26-18.42.20:039][428]LogModuleManager: Shutting down and abandoning module MeshUtilities (182)
[2018.09.26-18.42.20:039][428]LogModuleManager: Shutting down and abandoning module MeshMergeUtilities (181)
[2018.09.26-18.42.20:039][428]LogModuleManager: Shutting down and abandoning module MeshReductionInterface (180)
[2018.09.26-18.42.20:039][428]LogModuleManager: Shutting down and abandoning module SimplygonSwarm (179)
[2018.09.26-18.42.20:039][428]LogModuleManager: Shutting down and abandoning module ProxyLODMeshReduction (177)
[2018.09.26-18.42.20:039][428]LogModuleManager: Shutting down and abandoning module SimplygonMeshReduction (175)
[2018.09.26-18.42.20:039][428]LogModuleManager: Shutting down and abandoning module QuadricMeshReduction (173)
[2018.09.26-18.42.20:039][428]LogModuleManager: Shutting down and abandoning module MaterialBaking (169)
[2018.09.26-18.42.20:039][428]LogModuleManager: Shutting down and abandoning module DirectoryWatcher (165)
[2018.09.26-18.42.20:039][428]LogModuleManager: Shutting down and abandoning module DerivedDataCache (162)
[2018.09.26-18.42.20:065][428]LogDerivedDataCache: Shutdown
[2018.09.26-18.42.20:065][428]LogModuleManager: Shutting down and abandoning module XGEController (160)
[2018.09.26-18.42.20:065][428]LogXGEController: Cleaning working directory: C:/Users/pokem/AppData/Local/Temp/UnrealXGEWorkingDir/
[2018.09.26-18.42.20:066][428]LogModuleManager: Shutting down and abandoning module TargetPlatform (158)
[2018.09.26-18.42.20:066][428]LogModuleManager: Shutting down and abandoning module VulkanShaderFormat (157)
[2018.09.26-18.42.20:066][428]LogModuleManager: Shutting down and abandoning module ShaderFormatVectorVM (155)
[2018.09.26-18.42.20:066][428]LogModuleManager: Shutting down and abandoning module ShaderFormatOpenGL (153)
[2018.09.26-18.42.20:066][428]LogModuleManager: Shutting down and abandoning module ShaderFormatD3D (151)
[2018.09.26-18.42.20:066][428]LogModuleManager: Shutting down and abandoning module MetalShaderFormat (149)
[2018.09.26-18.42.20:066][428]LogModuleManager: Shutting down and abandoning module TextureFormatUncompressed (147)
[2018.09.26-18.42.20:066][428]LogModuleManager: Shutting down and abandoning module TextureFormatPVR (145)
[2018.09.26-18.42.20:066][428]LogModuleManager: Shutting down and abandoning module TextureFormatDXT (143)
[2018.09.26-18.42.20:066][428]LogModuleManager: Shutting down and abandoning module TextureFormatIntelISPCTexComp (141)
[2018.09.26-18.42.20:066][428]LogModuleManager: Shutting down and abandoning module TextureFormatASTC (139)
[2018.09.26-18.42.20:066][428]LogModuleManager: Shutting down and abandoning module ImageWrapper (138)
[2018.09.26-18.42.20:066][428]LogModuleManager: Shutting down and abandoning module TextureFormatAndroid (135)
[2018.09.26-18.42.20:066][428]LogModuleManager: Shutting down and abandoning module AudioFormatOpus (133)
[2018.09.26-18.42.20:066][428]LogModuleManager: Shutting down and abandoning module AudioFormatOgg (131)
[2018.09.26-18.42.20:067][428]LogModuleManager: Shutting down and abandoning module AudioFormatADPCM (129)
[2018.09.26-18.42.20:067][428]LogModuleManager: Shutting down and abandoning module LuminTargetPlatform (127)
[2018.09.26-18.42.20:067][428]LogModuleManager: Shutting down and abandoning module LinuxTargetPlatform (125)
[2018.09.26-18.42.20:067][428]LogModuleManager: Shutting down and abandoning module LinuxServerTargetPlatform (123)
[2018.09.26-18.42.20:067][428]LogModuleManager: Shutting down and abandoning module LinuxNoEditorTargetPlatform (121)
[2018.09.26-18.42.20:067][428]LogModuleManager: Shutting down and abandoning module LinuxClientTargetPlatform (119)
[2018.09.26-18.42.20:067][428]LogModuleManager: Shutting down and abandoning module TVOSTargetPlatform (117)
[2018.09.26-18.42.20:070][428]LogModuleManager: Shutting down and abandoning module Messaging (115)
[2018.09.26-18.42.20:070][428]LogModuleManager: Shutting down and abandoning module IOSTargetPlatform (113)
[2018.09.26-18.42.20:072][428]LogModuleManager: Shutting down and abandoning module HTML5TargetPlatform (111)
[2018.09.26-18.42.20:072][428]LogModuleManager: Shutting down and abandoning module AndroidTargetPlatform (109)
[2018.09.26-18.42.20:100][428]LogModuleManager: Shutting down and abandoning module WindowsTargetPlatform (107)
[2018.09.26-18.42.20:100][428]LogModuleManager: Shutting down and abandoning module WindowsServerTargetPlatform (105)
[2018.09.26-18.42.20:100][428]LogModuleManager: Shutting down and abandoning module WindowsNoEditorTargetPlatform (103)
[2018.09.26-18.42.20:100][428]LogModuleManager: Shutting down and abandoning module WindowsClientTargetPlatform (101)
[2018.09.26-18.42.20:100][428]LogModuleManager: Shutting down and abandoning module MacTargetPlatform (99)
[2018.09.26-18.42.20:100][428]LogModuleManager: Shutting down and abandoning module MacServerTargetPlatform (97)
[2018.09.26-18.42.20:100][428]LogModuleManager: Shutting down and abandoning module MacNoEditorTargetPlatform (95)
[2018.09.26-18.42.20:100][428]LogModuleManager: Shutting down and abandoning module MacClientTargetPlatform (93)
[2018.09.26-18.42.20:100][428]LogModuleManager: Shutting down and abandoning module AllDesktopTargetPlatform (91)
[2018.09.26-18.42.20:100][428]LogModuleManager: Shutting down and abandoning module InputCore (88)
[2018.09.26-18.42.20:100][428]LogModuleManager: Shutting down and abandoning module Settings (86)
[2018.09.26-18.42.20:100][428]LogModuleManager: Shutting down and abandoning module PhysXCooking (84)
[2018.09.26-18.42.20:100][428]LogModuleManager: Shutting down and abandoning module SteamVR (82)
[2018.09.26-18.42.20:100][428]LogModuleManager: Shutting down and abandoning module OculusHMD (80)
[2018.09.26-18.42.20:100][428]LogModuleManager: Shutting down and abandoning module ExampleDeviceProfileSelector (78)
[2018.09.26-18.42.20:100][428]LogModuleManager: Shutting down and abandoning module LauncherChunkInstaller (76)
[2018.09.26-18.42.20:100][428]LogModuleManager: Shutting down and abandoning module OnlineBlueprintSupport (74)
[2018.09.26-18.42.20:100][428]LogModuleManager: Shutting down and abandoning module OnlineSubsystem (70)
[2018.09.26-18.42.20:101][428]LogModuleManager: Shutting down and abandoning module XMPP (65)
[2018.09.26-18.42.20:101][428]LogModuleManager: Shutting down and abandoning module WebSockets (64)
[2018.09.26-18.42.20:115][428]LogModuleManager: Shutting down and abandoning module HTTP (61)
[2018.09.26-18.42.20:115][428]LogHttp: Display: Http module shutting down, but needs to wait on 2 outstanding Http requests:
[2018.09.26-18.42.20:115][428]LogHttp: Display: 	verb=[POST] url=[https://datarouter.ol.epicgames.com/datarouter/api/v1/public/data?SessionID=%7B91144496-44B3-F7B2-835F-41BD296A635F%7D&AppID=UEEditor.Rocket.Release&AppVersion=4.20.3-4369336%2B%2B%2BUE4%2BRelease-4.20&UserID=01d42f134c5c9c553c4cbca08622f401%7C90789b9c6c0b466eb2c3744c2f940842%7C928bf08e-f2bc-4064-8989-a4665683dbba&AppEnvironment=datacollector-binary&UploadType=eteventstream] status=Processing
[2018.09.26-18.42.20:115][428]LogHttp: Display: 	verb=[POST] url=[https://datarouter.ol.epicgames.com/datarouter/api/v1/public/data?SessionID=%7B91144496-44B3-F7B2-835F-41BD296A635F%7D&AppID=UEEditor.Rocket.Release&AppVersion=4.20.3-4369336%2B%2B%2BUE4%2BRelease-4.20&UserID=01d42f134c5c9c553c4cbca08622f401%7C90789b9c6c0b466eb2c3744c2f940842%7C928bf08e-f2bc-4064-8989-a4665683dbba&AppEnvironment=datacollector-binary&UploadType=eteventstream] status=Processing
[2018.09.26-18.42.20:134][428]LogModuleManager: Shutting down and abandoning module SSL (60)
[2018.09.26-18.42.20:135][428]LogModuleManager: Shutting down and abandoning module MagicLeapEmulator (56)
[2018.09.26-18.42.20:135][428]LogModuleManager: Shutting down and abandoning module MagicLeapPrivileges (54)
[2018.09.26-18.42.20:135][428]LogModuleManager: Shutting down and abandoning module MagicLeapIdentity (52)
[2018.09.26-18.42.20:135][428]LogModuleManager: Shutting down and abandoning module MagicLeapHelperVulkan (50)
[2018.09.26-18.42.20:135][428]LogModuleManager: Shutting down and abandoning module MagicLeapHelperOpenGL (48)
[2018.09.26-18.42.20:135][428]LogModuleManager: Shutting down and abandoning module MagicLeapSecureStorage (46)
[2018.09.26-18.42.20:135][428]LogModuleManager: Shutting down and abandoning module MagicLeapGestures (44)
[2018.09.26-18.42.20:135][428]LogModuleManager: Shutting down and abandoning module MagicLeapEyeTracker (42)
[2018.09.26-18.42.20:135][428]LogModuleManager: Shutting down and abandoning module MagicLeapController (40)
[2018.09.26-18.42.20:135][428]LogSlate: Slate User Destroyed.  User Index 0, Is Virtual User: 0
[2018.09.26-18.42.20:135][428]LogModuleManager: Shutting down and abandoning module MagicLeap (38)
[2018.09.26-18.42.20:136][428]LogModuleManager: Shutting down and abandoning module AnimationModifiers (36)
[2018.09.26-18.42.20:136][428]LogModuleManager: Shutting down and abandoning module PropertyEditor (35)
[2018.09.26-18.42.20:136][428]LogModuleManager: Shutting down and abandoning module AudioEditor (32)
[2018.09.26-18.42.20:136][428]LogModuleManager: Shutting down and abandoning module TextureCompressor (30)
[2018.09.26-18.42.20:136][428]LogModuleManager: Shutting down and abandoning module ShaderCore (28)
[2018.09.26-18.42.20:136][428]LogModuleManager: Shutting down and abandoning module Landscape (26)
[2018.09.26-18.42.20:136][428]LogModuleManager: Shutting down and abandoning module SlateRHIRenderer (24)
[2018.09.26-18.42.20:136][428]LogModuleManager: Shutting down and abandoning module OpenGLDrv (22)
[2018.09.26-18.42.20:136][428]LogModuleManager: Shutting down and abandoning module D3D11RHI (20)
[2018.09.26-18.42.20:136][428]LogModuleManager: Shutting down and abandoning module AnimGraphRuntime (18)
[2018.09.26-18.42.20:136][428]LogModuleManager: Shutting down and abandoning module Renderer (16)
[2018.09.26-18.42.20:136][428]LogModuleManager: Shutting down and abandoning module Engine (14)
[2018.09.26-18.42.20:136][428]LogModuleManager: Shutting down and abandoning module CoreUObject (12)
[2018.09.26-18.42.20:136][428]LogModuleManager: Shutting down and abandoning module NetworkFile (10)
[2018.09.26-18.42.20:136][428]LogModuleManager: Shutting down and abandoning module CookedIterativeFile (8)
[2018.09.26-18.42.20:137][428]LogModuleManager: Shutting down and abandoning module StreamingFile (6)
[2018.09.26-18.42.20:137][428]LogModuleManager: Shutting down and abandoning module SandboxFile (4)
[2018.09.26-18.42.20:137][428]LogModuleManager: Shutting down and abandoning module PakFile (2)
[2018.09.26-18.42.20:140][428]LogExit: Exiting.
[2018.09.26-18.42.20:149][428]Log file closed, 09/26/18 19:42:20
