Log file open, 09/15/18 17:21:43
LogWindows: Failed to load 'aqProf.dll' (GetLastError=126)
LogWindows: File 'aqProf.dll' does not exist
LogWindows: Failed to load 'VSPerf140.dll' (GetLastError=126)
LogWindows: File 'VSPerf140.dll' does not exist
LogWindows: Failed to load 'VtuneApi.dll' (GetLastError=126)
LogWindows: File 'VtuneApi.dll' does not exist
LogWindows: Failed to load 'VtuneApi32e.dll' (GetLastError=126)
LogWindows: File 'VtuneApi32e.dll' does not exist
LogInit: Display: Running engine for game: neptunia2
LogPlatformFile: Not using cached read wrapper
LogTaskGraph: Started task graph with 5 named threads and 14 total threads with 3 sets of task threads.
LogStats: Stats thread started at 0.177393
LogD3D11RHI: Loaded GFSDK_Aftermath_Lib.x64.dll
LogICUInternationalization: Display: ICU TimeZone Detection - Raw Offset: +1:00, Platform Override: ''
LogPluginManager: Mounting plugin Paper2D
LogPluginManager: Mounting plugin AISupport
LogPluginManager: Mounting plugin LightPropagationVolume
LogPluginManager: Mounting plugin CLionSourceCodeAccess
LogPluginManager: Mounting plugin CodeLiteSourceCodeAccess
LogPluginManager: Mounting plugin GitSourceControl
LogPluginManager: Mounting plugin KDevelopSourceCodeAccess
LogPluginManager: Mounting plugin NullSourceCodeAccess
LogPluginManager: Mounting plugin PerforceSourceControl
LogPluginManager: Mounting plugin SubversionSourceControl
LogPluginManager: Mounting plugin UObjectPlugin
LogPluginManager: Mounting plugin VisualStudioCodeSourceCodeAccess
LogPluginManager: Mounting plugin VisualStudioSourceCodeAccess
LogPluginManager: Mounting plugin XCodeSourceCodeAccess
LogPluginManager: Mounting plugin AssetManagerEditor
LogPluginManager: Mounting plugin CryptoKeys
LogPluginManager: Mounting plugin DataValidation
LogPluginManager: Mounting plugin FacialAnimation
LogPluginManager: Mounting plugin GameplayTagsEditor
LogPluginManager: Mounting plugin MacGraphicsSwitching
LogPluginManager: Mounting plugin MeshEditor
LogPluginManager: Mounting plugin MobileLauncherProfileWizard
LogPluginManager: Mounting plugin PluginBrowser
LogPluginManager: Mounting plugin SpeedTreeImporter
LogPluginManager: Mounting plugin DatasmithContent
LogPluginManager: Mounting plugin AlembicImporter
LogPluginManager: Mounting plugin AppleImageUtils
LogPluginManager: Mounting plugin AppleVision
LogPluginManager: Mounting plugin BackChannel
LogPluginManager: Mounting plugin CharacterAI
LogPluginManager: Mounting plugin GeometryCache
LogPluginManager: Mounting plugin HTML5Networking
LogPluginManager: Mounting plugin ProxyLODPlugin
LogPluginManager: Mounting plugin MagicLeap
LogPluginManager: Mounting plugin MagicLeapEmulator
LogPluginManager: Mounting plugin MagicLeapMedia
LogPluginManager: Mounting plugin DlgSystem
LogPluginManager: Mounting plugin AndroidMedia
LogPluginManager: Mounting plugin AvfMedia
LogPluginManager: Mounting plugin ImgMedia
LogPluginManager: Mounting plugin LinearTimecode
LogPluginManager: Mounting plugin MediaCompositing
LogPluginManager: Mounting plugin MediaPlayerEditor
LogPluginManager: Mounting plugin WmfMedia
LogPluginManager: Mounting plugin TcpMessaging
LogPluginManager: Mounting plugin UdpMessaging
LogPluginManager: Mounting plugin ActorSequence
LogPluginManager: Mounting plugin LevelSequenceEditor
LogPluginManager: Mounting plugin MatineeToLevelSequence
LogPluginManager: Mounting plugin NetcodeUnitTest
LogPluginManager: Mounting plugin NUTUnrealEngine4
LogPluginManager: Mounting plugin OnlineSubsystemGooglePlay
LogPluginManager: Mounting plugin OnlineSubsystemIOS
LogPluginManager: Mounting plugin OnlineSubsystem
LogPluginManager: Mounting plugin OnlineSubsystemNull
LogPluginManager: Mounting plugin OnlineSubsystemUtils
LogPluginManager: Mounting plugin LauncherChunkInstaller
LogPluginManager: Mounting plugin AndroidDeviceProfileSelector
LogPluginManager: Mounting plugin AndroidMoviePlayer
LogPluginManager: Mounting plugin AndroidPermission
LogPluginManager: Mounting plugin AppleMoviePlayer
LogPluginManager: Mounting plugin ArchVisCharacter
LogPluginManager: Mounting plugin AudioCapture
LogPluginManager: Mounting plugin CableComponent
LogPluginManager: Mounting plugin CustomMeshComponent
LogPluginManager: Mounting plugin EditableMesh
LogPluginManager: Mounting plugin ExampleDeviceProfileSelector
LogPluginManager: Mounting plugin GoogleCloudMessaging
LogPluginManager: Mounting plugin ImmediatePhysics
LogPluginManager: Mounting plugin IOSDeviceProfileSelector
LogPluginManager: Mounting plugin LinuxDeviceProfileSelector
LogPluginManager: Mounting plugin LocationServicesBPLibrary
LogPluginManager: Mounting plugin MobilePatchingUtils
LogPluginManager: Mounting plugin OculusVR
LogPluginManager: Plugin shader directory ../../../Engine/Plugins/Runtime/Oculus/OculusVR/Shaders found
LogPluginManager: Mapping shader source directory ../../../Engine/Plugins/Runtime/Oculus/OculusVR/Shaders to virtual directory /Plugin/OculusVR
LogPluginManager: Mounting plugin PhysXVehicles
LogPluginManager: Mounting plugin ProceduralMeshComponent
LogPluginManager: Mounting plugin RuntimePhysXCooking
LogPluginManager: Mounting plugin SteamVR
LogPluginManager: Mounting plugin WindowsMoviePlayer
LogStreaming: Display: Took  0.076s to configure plugins.
LogInit: Using libcurl 7.55.1-DEV
LogInit:  - built for x86_64-pc-win32
LogInit:  - supports SSL with OpenSSL/1.0.2h
LogInit:  - supports HTTP deflate (compression) using libz 1.2.8
LogInit:  - other features:
LogInit:      CURL_VERSION_SSL
LogInit:      CURL_VERSION_LIBZ
LogInit:      CURL_VERSION_IPV6
LogInit:      CURL_VERSION_ASYNCHDNS
LogInit:      CURL_VERSION_LARGEFILE
LogInit:      CURL_VERSION_IDN
LogInit:  CurlRequestOptions (configurable via config and command line):
LogInit:  - bVerifyPeer = false  - Libcurl will NOT verify peer certificate
LogInit:  - bUseHttpProxy = false  - Libcurl will NOT use HTTP proxy
LogInit:  - bDontReuseConnections = false  - Libcurl will reuse connections
LogInit:  - CertBundlePath = nullptr  - Libcurl will use whatever was configured at build time.
LogInit:  - MaxHostConnections = 16  - Libcurl will limit the number of connections to a host
LogInit:  - LocalHostAddr = Default
LogInit:  - BufferSize = 65536
LogInit: WinSock: version 1.1 (2.2), MaxSocks=32767, MaxUdp=65467
LogInit: Build: ++UE4+Release-4.20-CL-4302132
LogInit: Engine Version: 4.20.2-4302132+++UE4+Release-4.20
LogInit: Compatible Engine Version: 4.20.0-4212847+++UE4+Release-4.20
LogInit: Net CL: 4212847
LogInit: OS: Windows 10 (), CPU: Intel(R) Core(TM) i5-6600 CPU @ 3.30GHz, GPU: NVIDIA GeForce GTX 1060 6GB
LogInit: Compiled (64-bit): Aug 21 2018 02:06:06
LogInit: Compiled with Visual C++: 19.13.26129.00
LogInit: Build Configuration: Development
LogInit: Branch Name: ++UE4+Release-4.20
LogInit: Command Line: 
LogInit: Base Directory: C:/Program Files/Epic Games/UE_4.20/Engine/Binaries/Win64/
LogInit: Installed Engine Build: 1
LogDevObjectVersion: Number of dev versions registered: 20
LogDevObjectVersion:   Dev-Blueprints (B0D832E4-1F89-4F0D-ACCF-7EB736FD4AA2): 10
LogDevObjectVersion:   Dev-Build (E1C64328-A22C-4D53-A36C-8E866417BD8C): 0
LogDevObjectVersion:   Dev-Core (375EC13C-06E4-48FB-B500-84F0262A717E): 2
LogDevObjectVersion:   Dev-Editor (E4B068ED-F494-42E9-A231-DA0B2E46BB41): 24
LogDevObjectVersion:   Dev-Framework (CFFC743F-43B0-4480-9391-14DF171D2073): 34
LogDevObjectVersion:   Dev-Mobile (B02B49B5-BB20-44E9-A304-32B752E40360): 2
LogDevObjectVersion:   Dev-Networking (A4E4105C-59A1-49B5-A7C5-40C4547EDFEE): 0
LogDevObjectVersion:   Dev-Online (39C831C9-5AE6-47DC-9A44-9C173E1C8E7C): 0
LogDevObjectVersion:   Dev-Physics (78F01B33-EBEA-4F98-B9B4-84EACCB95AA2): 0
LogDevObjectVersion:   Dev-Platform (6631380F-2D4D-43E0-8009-CF276956A95A): 0
LogDevObjectVersion:   Dev-Rendering (12F88B9F-8875-4AFC-A67C-D90C383ABD29): 26
LogDevObjectVersion:   Dev-Sequencer (7B5AE74C-D270-4C10-A958-57980B212A5A): 9
LogDevObjectVersion:   Dev-VR (D7296918-1DD6-4BDD-9DE2-64A83CC13884): 2
LogDevObjectVersion:   Dev-LoadTimes (C2A15278-BFE7-4AFE-6C17-90FF531DF755): 1
LogDevObjectVersion:   Private-Geometry (6EACA3D4-40EC-4CC1-B786-8BED09428FC5): 3
LogDevObjectVersion:   Dev-AnimPhys (29E575DD-E0A3-4627-9D10-D276232CDCEA): 17
LogDevObjectVersion:   Dev-ReflectionCapture (6B266CEC-1EC7-4B8F-A30B-E4D90942FC07): 1
LogDevObjectVersion:   Dev-Automation (0DF73D61-A23F-47EA-B727-89E90C41499A): 1
LogDevObjectVersion:   FortniteMain (601D1886-AC64-4F84-AA16-D3DE0DEAC7D6): 12
LogDevObjectVersion:   Dev-Enterprise (9DFFBCD6-494F-0158-E221-12823C92A888): 1
LogStreaming: Display: Took  0.000s to delete old logs.
LogInit: Presizing for max 8388607 objects, including 0 objects not considered by GC, pre-allocating 0 bytes for permanent pool.
LogInit: Object subsystem initialized
[2018.09.15-15.21.43:572][  0]LogInit: Selected Device Profile: [Windows]
[2018.09.15-15.21.43:572][  0]LogInit: Applying CVar settings loaded from the selected device profile: [Windows]
[2018.09.15-15.21.43:583][  0]LogHAL: Display: Platform has ~ 16 GB [17113391104 / 17179869184 / 16], which maps to Larger [LargestMinGB=32, LargerMinGB=12, DefaultMinGB=8, SmallerMinGB=6, SmallestMinGB=0)
[2018.09.15-15.21.43:583][  0]LogInit: Setting Device Profile CVar: [[r.Vulkan.UseRealUBs:1]]
[2018.09.15-15.21.43:584][  0]LogInit: Going up to parent DeviceProfile []
[2018.09.15-15.21.43:584][  0]LogInit: Computer: DESKTOP-OI37NI1
[2018.09.15-15.21.43:584][  0]LogInit: User: Sevelar
[2018.09.15-15.21.43:584][  0]LogInit: CPU Page size=4096, Cores=4
[2018.09.15-15.21.43:584][  0]LogInit: High frequency timer resolution =3.234376 MHz
[2018.09.15-15.21.43:584][  0]LogMemory: Memory total: Physical=15.9GB (16GB approx)
[2018.09.15-15.21.43:584][  0]LogMemory: Platform Memory Stats for Windows
[2018.09.15-15.21.43:584][  0]LogMemory: Process Physical Memory: 98.92 MB used, 98.92 MB peak
[2018.09.15-15.21.43:584][  0]LogMemory: Process Virtual Memory: 90.21 MB used, 90.21 MB peak
[2018.09.15-15.21.43:584][  0]LogMemory: Physical Memory: 7698.11 MB used,  8622.49 MB free, 16320.60 MB total
[2018.09.15-15.21.43:584][  0]LogMemory: Virtual Memory: 4626.21 MB used,  8622.49 MB free, 134217728.00 MB total
[2018.09.15-15.21.43:594][  0]LogInit: Using OS detected language (pl-PL).
[2018.09.15-15.21.43:594][  0]LogInit: Using OS detected locale (pl-PL).
[2018.09.15-15.21.43:595][  0]LogTextLocalizationManager: No specific localization for 'pl-PL' exists, so the 'pl' localization will be used.
[2018.09.15-15.21.43:596][  0]LogStreaming: Display: Took  0.002s to InitEngineTextLocalization.
[2018.09.15-15.21.43:596][  0]LogInit: Setting process to per monitor DPI aware
[2018.09.15-15.21.43:626][  0]LogSlate: New Slate User Created.  User Index 0, Is Virtual User: 0
[2018.09.15-15.21.43:626][  0]LogSlate: Slate User Registered.  User Index 0, Is Virtual User: 0
[2018.09.15-15.21.43:788][  0]LogHMD: Failed to initialize OpenVR with code 110
[2018.09.15-15.21.43:788][  0]LogD3D11RHI: D3D11 adapters:
[2018.09.15-15.21.43:837][  0]LogD3D11RHI:    0. 'NVIDIA GeForce GTX 1060 6GB' (Feature Level 11_0)
[2018.09.15-15.21.43:837][  0]LogD3D11RHI:       6052/0/8160 MB DedicatedVideo/DedicatedSystem/SharedSystem, Outputs:2, VendorId:0x10de
[2018.09.15-15.21.43:838][  0]LogD3D11RHI:    1. 'Microsoft Basic Render Driver' (Feature Level 11_0)
[2018.09.15-15.21.43:838][  0]LogD3D11RHI:       0/0/8160 MB DedicatedVideo/DedicatedSystem/SharedSystem, Outputs:0, VendorId:0x1414
[2018.09.15-15.21.43:838][  0]LogD3D11RHI: Chosen D3D11 Adapter: 0
[2018.09.15-15.21.43:844][  0]LogD3D11RHI: Creating new Direct3DDevice
[2018.09.15-15.21.43:844][  0]LogD3D11RHI:     GPU DeviceId: 0x1c03 (for the marketing name, search the web for "GPU Device Id")
[2018.09.15-15.21.43:844][  0]LogWindows: EnumDisplayDevices:
[2018.09.15-15.21.43:844][  0]LogWindows:    0. 'NVIDIA GeForce GTX 1060 6GB' (P:1 D:1)
[2018.09.15-15.21.43:844][  0]LogWindows:    1. 'NVIDIA GeForce GTX 1060 6GB' (P:0 D:1)
[2018.09.15-15.21.43:845][  0]LogWindows:    2. 'NVIDIA GeForce GTX 1060 6GB' (P:0 D:0)
[2018.09.15-15.21.43:845][  0]LogWindows:    3. 'NVIDIA GeForce GTX 1060 6GB' (P:0 D:0)
[2018.09.15-15.21.43:845][  0]LogWindows: DebugString: FoundDriverCount:4 
[2018.09.15-15.21.43:845][  0]LogD3D11RHI:     Adapter Name: NVIDIA GeForce GTX 1060 6GB
[2018.09.15-15.21.43:845][  0]LogD3D11RHI:   Driver Version: 391.35 (internal:23.21.13.9135, unified:391.35)
[2018.09.15-15.21.43:845][  0]LogD3D11RHI:      Driver Date: 3-23-2018
[2018.09.15-15.21.43:845][  0]LogRHI: Texture pool is 4236 MB (70% of 6052 MB)
[2018.09.15-15.21.43:872][  0]LogD3D11RHI: Async texture creation enabled
[2018.09.15-15.21.43:889][  0]LogD3D11RHI: GPU Timing Frequency: 1000.000000 (Debug: 2 2)
[2018.09.15-15.21.43:979][  0]LogShaderCompilers: Guid format shader working directory is -24 characters bigger than the processId version (../../../../../../Users/Sevelar/Documents/Unreal Projects/neptunia2 4.20/Intermediate/Shaders/WorkingDirectory/8500/).
[2018.09.15-15.21.43:979][  0]LogShaderCompilers: Cleaned the shader compiler working directory 'C:/Users/Sevelar/AppData/Local/Temp/UnrealShaderWorkingDir/3DB4D996432F53E03928B9B8C9478CBC/'.
[2018.09.15-15.21.44:219][  0]LogTemp: Display: Loaded TP AllDesktopTargetPlatform
[2018.09.15-15.21.44:232][  0]LogTemp: Display: Loaded TP MacClientTargetPlatform
[2018.09.15-15.21.44:244][  0]LogTemp: Display: Loaded TP MacNoEditorTargetPlatform
[2018.09.15-15.21.44:257][  0]LogTemp: Display: Loaded TP MacServerTargetPlatform
[2018.09.15-15.21.44:270][  0]LogTemp: Display: Loaded TP MacTargetPlatform
[2018.09.15-15.21.44:283][  0]LogTemp: Display: Loaded TP WindowsClientTargetPlatform
[2018.09.15-15.21.44:296][  0]LogTemp: Display: Loaded TP WindowsNoEditorTargetPlatform
[2018.09.15-15.21.44:309][  0]LogTemp: Display: Loaded TP WindowsServerTargetPlatform
[2018.09.15-15.21.44:315][  0]LogTemp: Display: Loaded TP WindowsTargetPlatform
[2018.09.15-15.21.44:394][  0]LogTemp: Display: Loaded TP AndroidTargetPlatform
[2018.09.15-15.21.44:394][  0]LogTemp: Display: Loaded TP AndroidTargetPlatform
[2018.09.15-15.21.44:394][  0]LogTemp: Display: Loaded TP AndroidTargetPlatform
[2018.09.15-15.21.44:394][  0]LogTemp: Display: Loaded TP AndroidTargetPlatform
[2018.09.15-15.21.44:394][  0]LogTemp: Display: Loaded TP AndroidTargetPlatform
[2018.09.15-15.21.44:394][  0]LogTemp: Display: Loaded TP AndroidTargetPlatform
[2018.09.15-15.21.44:394][  0]LogTemp: Display: Loaded TP AndroidTargetPlatform
[2018.09.15-15.21.44:394][  0]LogTemp: Display: Loaded TP AndroidTargetPlatform
[2018.09.15-15.21.44:394][  0]LogTemp: Display: Loaded TP AndroidTargetPlatform
[2018.09.15-15.21.44:394][  0]LogTemp: Display: Loaded TP AndroidTargetPlatform
[2018.09.15-15.21.44:394][  0]LogTemp: Display: Loaded TP AndroidTargetPlatform
[2018.09.15-15.21.44:394][  0]LogTemp: Display: Loaded TP AndroidTargetPlatform
[2018.09.15-15.21.44:394][  0]LogTemp: Display: Loaded TP AndroidTargetPlatform
[2018.09.15-15.21.44:394][  0]LogTemp: Display: Loaded TP AndroidTargetPlatform
[2018.09.15-15.21.44:395][  0]LogTemp: Display: Loaded TP AndroidTargetPlatform
[2018.09.15-15.21.44:395][  0]LogTemp: Display: Loaded TP AndroidTargetPlatform
[2018.09.15-15.21.44:395][  0]LogTemp: Display: Loaded TP AndroidTargetPlatform
[2018.09.15-15.21.44:395][  0]LogTemp: Display: Loaded TP AndroidTargetPlatform
[2018.09.15-15.21.44:396][  0]LogTemp: Display: Loaded TP HTML5TargetPlatform
[2018.09.15-15.21.44:454][  0]LogTemp: Display: Loaded TP IOSTargetPlatform
[2018.09.15-15.21.44:454][  0]LogTemp: Display: Loaded TP IOSTargetPlatform
[2018.09.15-15.21.44:476][  0]LogTemp: Display: Loaded TP TVOSTargetPlatform
[2018.09.15-15.21.44:476][  0]LogTemp: Display: Loaded TP TVOSTargetPlatform
[2018.09.15-15.21.44:489][  0]LogTemp: Display: Loaded TP LinuxClientTargetPlatform
[2018.09.15-15.21.44:500][  0]LogTemp: Display: Loaded TP LinuxNoEditorTargetPlatform
[2018.09.15-15.21.44:512][  0]LogTemp: Display: Loaded TP LinuxServerTargetPlatform
[2018.09.15-15.21.44:524][  0]LogTemp: Display: Loaded TP LinuxTargetPlatform
[2018.09.15-15.21.44:532][  0]LogTemp: Display: Loaded TP LuminTargetPlatform
[2018.09.15-15.21.44:533][  0]LogTargetPlatformManager: Display: Building Assets For Windows
[2018.09.15-15.21.44:580][  0]LogXGEController: Cannot use XGE Controller as Incredibuild is not installed on this machine.
[2018.09.15-15.21.44:580][  0]LogShaderCompilers: Cannot use XGE Shader Compiler as Incredibuild is not installed on this machine.
[2018.09.15-15.21.44:580][  0]LogShaderCompilers: Display: Using Local Shader Compiler.
[2018.09.15-15.21.45:241][  0]LogDerivedDataCache: Display: Max Cache Size: 512 MB
[2018.09.15-15.21.45:291][  0]LogDerivedDataCache: Loaded boot cache 0.05s 71MB C:/Users/Sevelar/AppData/Local/UnrealEngine/4.20/DerivedDataCache/Boot.ddc.
[2018.09.15-15.21.45:291][  0]LogDerivedDataCache: Display: Loaded Boot cache: C:/Users/Sevelar/AppData/Local/UnrealEngine/4.20/DerivedDataCache/Boot.ddc
[2018.09.15-15.21.45:291][  0]LogDerivedDataCache: FDerivedDataBackendGraph:  Pak pak cache file ../../../../../../Users/Sevelar/Documents/Unreal Projects/neptunia2 4.20/DerivedDataCache/DDC.ddp not found, will not use a pak cache.
[2018.09.15-15.21.45:291][  0]LogDerivedDataCache: Unable to find inner node Pak for hierarchical cache Hierarchy.
[2018.09.15-15.21.45:291][  0]LogDerivedDataCache: FDerivedDataBackendGraph:  CompressedPak pak cache file ../../../../../../Users/Sevelar/Documents/Unreal Projects/neptunia2 4.20/DerivedDataCache/Compressed.ddp not found, will not use a pak cache.
[2018.09.15-15.21.45:291][  0]LogDerivedDataCache: Unable to find inner node CompressedPak for hierarchical cache Hierarchy.
[2018.09.15-15.21.45:304][  0]LogDerivedDataCache: Display: Pak cache opened for reading ../../../Engine/DerivedDataCache/Compressed.ddp.
[2018.09.15-15.21.45:316][  0]LogDerivedDataCache: Using Local data cache path C:/Users/Sevelar/AppData/Local/UnrealEngine/Common/DerivedDataCache: Writable
[2018.09.15-15.21.45:316][  0]LogDerivedDataCache: Shared data cache path not found in *engine.ini, will not use an Shared cache.
[2018.09.15-15.21.45:316][  0]LogDerivedDataCache: Unable to find inner node Shared for hierarchical cache Hierarchy.
[2018.09.15-15.21.45:333][  0]LogMaterial: Verifying Global Shaders for PCD3D_SM5
[2018.09.15-15.21.45:334][  0]LogSlate: Using FreeType 2.6.0
[2018.09.15-15.21.45:334][  0]LogSlate: SlateFontServices - WITH_FREETYPE: 1, WITH_HARFBUZZ: 1
[2018.09.15-15.21.45:402][  0]LogAssetRegistry: FAssetRegistry took 0.0251 seconds to start up
[2018.09.15-15.21.45:693][  0]LogInit: Selected Device Profile: [Windows]
[2018.09.15-15.21.45:820][  0]LogSimplygon: Simplygon DLL not present - disabling.
[2018.09.15-15.21.45:823][  0]LogMeshReduction: Using SimplygonSwarm for distributed automatic mesh merging
[2018.09.15-15.21.45:823][  0]LogMeshReduction: Using ProxyLODMeshReduction for automatic mesh merging
[2018.09.15-15.21.45:823][  0]LogMeshReduction: Using QuadricMeshReduction for automatic static mesh reduction
[2018.09.15-15.21.45:823][  0]LogMeshReduction: No automatic skeletal mesh reduction module available
[2018.09.15-15.21.45:839][  0]LogNetVersion: neptunia2 1.0.0, NetCL: 4212847, EngineNetVer: 5, GameNetVer: 0 (Checksum: 3200340848)
[2018.09.15-15.21.46:288][  0]LogPackageLocalizationCache: Processed 12 localized package path(s) for 2 prioritized culture(s) in 0.092928 seconds
[2018.09.15-15.21.46:294][  0]LogUObjectArray: 38425 objects as part of root set at end of initial load.
[2018.09.15-15.21.46:294][  0]LogUObjectAllocator: 6690872 out of 0 bytes used by permanent object pool.
[2018.09.15-15.21.46:294][  0]LogUObjectArray: CloseDisregardForGC: 0/0 objects in disregard for GC pool
[2018.09.15-15.21.47:045][  0]LogDlgSystem: Verbose: Creating new DlgGuid = `8DF313A641D23E921C44FD9AF3362A0C` for Dialogue = `/Script/DlgSystem.Default__DlgDialogue` because of new created Dialogue.
[2018.09.15-15.21.47:046][  0]LogDlgSystem: Verbose: Started DlgSystemModule
[2018.09.15-15.21.47:051][  0]LogTcpMessaging: Initializing TcpMessaging bridge
[2018.09.15-15.21.47:064][  0]LogUdpMessaging: Initializing bridge on interface 0.0.0.0:0 to multicast group 230.0.0.1:6666.
[2018.09.15-15.21.47:196][  0]SourceControl: Source control is disabled
[2018.09.15-15.21.47:196][  0]SourceControl: Source control is disabled
[2018.09.15-15.21.47:198][  0]SourceControl: Source control is disabled
[2018.09.15-15.21.47:198][  0]SourceControl: Source control is disabled
[2018.09.15-15.21.47:346][  0]LogAndroidPermission: UAndroidPermissionCallbackProxy::GetInstance
[2018.09.15-15.21.47:402][  0]LogOcInput: OculusInput pre-init called
[2018.09.15-15.21.47:407][  0]LogDlgSystemEditor: Verbose: Started DlgSystemEditorModule
[2018.09.15-15.21.47:507][  0]LogDlgSystem: Verbose: Creating graph for Dialogue = `/Game/MojContent/Scripts/VisualNovelStuff/PH01.PH01`
[2018.09.15-15.21.47:507][  0]LogDlgSystem: Verbose: Creating new DlgGuid = `4E1D7FCC47AE3518DFB031B06E03BCBB` for Dialogue = `/Game/MojContent/Scripts/VisualNovelStuff/PH01.PH01` because of new created Dialogue.
[2018.09.15-15.21.47:562][  0]LogDlgSystem: Verbose: Creating graph for Dialogue = `/Game/MojContent/Scripts/VisualNovelStuff/Test.Test`
[2018.09.15-15.21.47:562][  0]LogDlgSystem: Verbose: Creating new DlgGuid = `C67843EC4F7B24DA36458D98B8C635EA` for Dialogue = `/Game/MojContent/Scripts/VisualNovelStuff/Test.Test` because of new created Dialogue.
[2018.09.15-15.21.47:696][  0]LogDlgSystem: Verbose: Creating graph for Dialogue = `/DlgSystem/TestDialogue.TestDialogue`
[2018.09.15-15.21.47:696][  0]LogDlgSystem: Verbose: Creating new DlgGuid = `8049359B4916ED43A4DBFB8B2EE6312B` for Dialogue = `/DlgSystem/TestDialogue.TestDialogue` because of new created Dialogue.
[2018.09.15-15.21.47:697][  0]LogDlgSystem: Refreshing data for Dialogue = `/DlgSystem/TestDialogue.TestDialogue`
[2018.09.15-15.21.47:697][  0]LogDlgSystemEditor: Verbose: UDlgManager::LoadAllDialoguesIntoMemory loaded 0 Dialogues into Memory
[2018.09.15-15.21.47:755][  0]LogEngine: Initializing Engine...
[2018.09.15-15.21.47:756][  0]LogHMD: Failed to initialize OpenVR with code 110
[2018.09.15-15.21.47:757][  0]LogStats: UGameplayTagsManager::ConstructGameplayTagTree: ImportINI prefixes -  0.000 s
[2018.09.15-15.21.47:757][  0]LogStats: UGameplayTagsManager::ConstructGameplayTagTree: Construct from data asset -  0.000 s
[2018.09.15-15.21.47:758][  0]LogStats: UGameplayTagsManager::ConstructGameplayTagTree: ImportINI -  0.000 s
[2018.09.15-15.21.47:758][  0]LogStats: UGameplayTagsManager::ConstructGameplayTagTree: GameplayTagTreeChangedEvent.Broadcast -  0.000 s
[2018.09.15-15.21.47:946][  0]LogInit: Initializing FReadOnlyCVARCache
[2018.09.15-15.21.47:955][  0]LogAIModule: Creating AISystem for world Untitled
[2018.09.15-15.21.48:007][  0]LogInit: XAudio2 using 'Głośniki (Realtek High Definition Audio)' : 2 channels at 48 kHz using 32 bits per sample (channel mask 0x3)
[2018.09.15-15.21.48:021][  0]LogInit: FAudioDevice initialized.
[2018.09.15-15.21.48:022][  0]LogNetVersion: Set ProjectVersion to 1.0.0.0. Version Checksum will be recalculated on next use.
[2018.09.15-15.21.48:106][  0]LogDerivedDataCache: Saved boot cache 0.08s 113MB C:/Users/Sevelar/AppData/Local/UnrealEngine/4.20/DerivedDataCache/Boot.ddc.
[2018.09.15-15.21.48:109][  0]LogInit: Texture streaming: Enabled
[2018.09.15-15.21.48:122][  0]LogEngineSessionManager: EngineSessionManager initialized
[2018.09.15-15.21.48:134][  0]LogInit: Transaction tracking system initialized
[2018.09.15-15.21.48:151][  0]BlueprintLog: New page: Editor Load
[2018.09.15-15.21.48:329][  0]LocalizationService: Localization service is disabled
[2018.09.15-15.21.48:555][  0]LogCook: Display: Max memory allowance for cook 16384mb min free memory 0mb
[2018.09.15-15.21.48:555][  0]LogCook: Display: Mobile HDR setting 1
[2018.09.15-15.21.48:555][  0]LogGameplayTags: Display: UGameplayTagsManager::DoneAddingNativeTags. DelegateIsBound: 0
[2018.09.15-15.21.48:555][  0]LogStats: UGameplayTagsManager::ConstructGameplayTagTree: ImportINI prefixes -  0.000 s
[2018.09.15-15.21.48:555][  0]LogStats: UGameplayTagsManager::ConstructGameplayTagTree: Construct from data asset -  0.000 s
[2018.09.15-15.21.48:555][  0]LogStats: UGameplayTagsManager::ConstructGameplayTagTree: ImportINI -  0.000 s
[2018.09.15-15.21.48:555][  0]LogStats: UGameplayTagsManager::ConstructGameplayTagTree: GameplayTagTreeChangedEvent.Broadcast -  0.000 s
[2018.09.15-15.21.48:654][  0]LogFileCache: Scanning file cache for directory 'C:/Users/Sevelar/Documents/Unreal Projects/neptunia2 4.20/Content/' took 0.02s
[2018.09.15-15.21.48:654][  0]SourceControl: Source control is disabled
[2018.09.15-15.21.48:654][  0]Cmd: MAP LOAD FILE="../../../../../../Users/Sevelar/Documents/Unreal Projects/neptunia2 4.20/Content/ThirdPersonBP/Maps/ThirdPersonExampleMap.umap" TEMPLATE=0 SHOWPROGRESS=1 FEATURELEVEL=3
[2018.09.15-15.21.48:654][  0]LightingResults: New page: Lighting Build
[2018.09.15-15.21.48:657][  0]MapCheck: New page: Map Check
[2018.09.15-15.21.48:657][  0]LightingResults: New page: Lighting Build
[2018.09.15-15.21.49:669][  0]LogAIModule: Creating AISystem for world ThirdPersonExampleMap
[2018.09.15-15.21.49:682][  0]LogEditorServer: Finished looking for orphan Actors (0.000 secs)
[2018.09.15-15.21.49:709][  0]Cmd: MAP CHECKDEP NOCLEARLOG
[2018.09.15-15.21.49:786][  0]MapCheck: Map check complete: 0 Error(s), 0 Warning(s), took 77,282ms to complete.
[2018.09.15-15.21.49:786][  0]LogFileHelpers: Loading map 'ThirdPersonExampleMap' took 1.132
[2018.09.15-15.21.49:894][  0]LogSlate: Updating window title bar state: overlay mode, drag disabled, window buttons hidden, title bar hidden
[2018.09.15-15.21.49:901][  0]LogSlate: Updating window title bar state: overlay mode, drag disabled, window buttons hidden, title bar hidden
[2018.09.15-15.21.49:908][  0]LogSlate: Updating window title bar state: overlay mode, drag disabled, window buttons hidden, title bar hidden
[2018.09.15-15.21.49:914][  0]LogSlate: Updating window title bar state: overlay mode, drag disabled, window buttons hidden, title bar hidden
[2018.09.15-15.21.49:919][  0]LogCollectionManager: Loaded 0 collections in 0.001376 seconds
[2018.09.15-15.21.49:965][  0]LogFileCache: Scanning file cache for directory 'C:/Users/Sevelar/Documents/Unreal Projects/neptunia2 4.20/Saved/Collections/' took 0.01s
[2018.09.15-15.21.49:965][  0]LogFileCache: Scanning file cache for directory 'C:/Users/Sevelar/Documents/Unreal Projects/neptunia2 4.20/Content/Developers/Sevelar/Collections/' took 0.01s
[2018.09.15-15.21.49:965][  0]LogFileCache: Scanning file cache for directory 'C:/Users/Sevelar/Documents/Unreal Projects/neptunia2 4.20/Content/Collections/' took 0.01s
[2018.09.15-15.21.49:965][  0]LogCollectionManager: Rebuilt the GUID cache for 0 collections in 0.000000 seconds
[2018.09.15-15.21.49:974][  0]LogContentBrowser: Native class hierarchy populated in 0.0088 seconds. Added 2618 classes and 618 folders.
[2018.09.15-15.21.49:979][  0]LogContentBrowser: Native class hierarchy updated for 'WidgetCarousel' in 0.0002 seconds. Added 0 classes and 0 folders.
[2018.09.15-15.21.50:007][  0]LogContentBrowser: Native class hierarchy updated for 'AddContentDialog' in 0.0002 seconds. Added 0 classes and 0 folders.
[2018.09.15-15.21.50:012][  0]LogContentBrowser: Native class hierarchy updated for 'SceneOutliner' in 0.0002 seconds. Added 1 classes and 2 folders.
[2018.09.15-15.21.50:026][  0]LogSlate: Took 0.000145 seconds to synchronously load lazily loaded font '../../../Engine/Content/Slate/Fonts/Roboto-Regular.ttf' (155K)
[2018.09.15-15.21.50:027][  0]LogSlate: Took 0.000196 seconds to synchronously load lazily loaded font '../../../Engine/Content/Slate/Fonts/Roboto-Bold.ttf' (160K)
[2018.09.15-15.21.50:032][  0]LogSlate: Took 0.000182 seconds to synchronously load lazily loaded font '../../../Engine/Content/Editor/Slate/Fonts/FontAwesome.ttf' (139K)
[2018.09.15-15.21.50:114][  0]LogRenderer: Reallocating scene render targets to support 1168x600 Format 9 NumSamples 1 (Frame:1).
[2018.09.15-15.21.50:177][  0]LogSlate: Took 0.000219 seconds to synchronously load lazily loaded font '../../../Engine/Content/Slate/Fonts/Roboto-Light.ttf' (167K)
[2018.09.15-15.21.50:273][  0]LogContentBrowser: Native class hierarchy updated for 'HierarchicalLODOutliner' in 0.0002 seconds. Added 0 classes and 0 folders.
[2018.09.15-15.21.50:273][  0]LogLoad: (Engine Initialization) Total time: 7.85 seconds
[2018.09.15-15.21.50:273][  0]LogLoad: (Engine Initialization) Total Blueprint compile time: 0.00 seconds
[2018.09.15-15.21.50:309][  0]LogContentStreaming: Texture pool size now 800 MB
[2018.09.15-15.21.50:367][  1]LogAssetRegistry: Asset discovery search completed in 4.9864 seconds
[2018.09.15-15.21.50:370][  1]LogCollectionManager: Rebuilt the object cache for 0 collections in 0.000000 seconds (found 0 objects)
[2018.09.15-15.21.50:370][  1]LogCollectionManager: Fixed up redirectors for 0 collections in 0.000092 seconds (updated 0 objects)
[2018.09.15-15.22.02:888][346]LogSlate: FSceneViewport::OnFocusLost() reason 2
[2018.09.15-15.22.11:212][340]LogSlate: FSceneViewport::OnFocusLost() reason 2
[2018.09.15-15.22.12:273][340]LogSlate: Only BGRA pngs, bmps or icos are supported in by External Image Picker
[2018.09.15-15.22.12:337][341]LogTemp: Executing iPhonePackager certificates Engine -bundlename com.YourCompany.neptunia2
[2018.09.15-15.22.12:337][341]LogTemp: CWD: C:\Program Files\Epic Games\UE_4.20\Engine\Binaries\DotNET\IOS
[2018.09.15-15.22.12:337][341]LogTemp: Initial Dir: C:\Program Files\Epic Games\UE_4.20
[2018.09.15-15.22.12:337][341]LogTemp: Env CWD: C:\Program Files\Epic Games\UE_4.20\Engine\Binaries\DotNET\IOS
[2018.09.15-15.22.12:344][341]LogTemp: BranchPath = DESKTOP-OI37NI1/C/Program Files/Epic Games/UE_4.20/Engine/Binaries --- GameBranchPath = DESKTOP-OI37NI1/C/Program Files/Epic Games/UE_4.20/Engine/Binaries
[2018.09.15-15.22.12:389][344]LogTemp: IPP ERROR: Could not find provision directory 'C:\Users\Sevelar\AppData\Local/Apple Computer/MobileDevice/Provisioning Profiles/'.
[2018.09.15-15.22.20:597][327]LogSlate: Window 'Project Settings' being destroyed
[2018.09.15-15.22.20:601][327]LogSlate: Window 'Project Settings' being destroyed
[2018.09.15-15.22.21:451][425]LogSlate: FSceneViewport::OnFocusLost() reason 2
[2018.09.15-15.22.32:487][ 71]UATHelper: Zip Project Task (Windows): Running AutomationTool...
[2018.09.15-15.22.32:832][ 73]UATHelper: Zip Project Task (Windows): Parsing command line: ZipProjectUp -nocompile -nocompileeditor -project="C:/Users/Sevelar/Documents/Unreal Projects/neptunia2 4.20/" -install="C:/Users/Sevelar/Documents/Unreal Projects/Zipfile/neptunia2.zip"
[2018.09.15-15.22.32:832][ 73]UATHelper: Zip Project Task (Windows): Started zipping project up
[2018.09.15-15.22.32:832][ 73]UATHelper: Zip Project Task (Windows): Project directory: C:\Users\Sevelar\Documents\Unreal Projects\neptunia2 4.20
[2018.09.15-15.22.32:832][ 73]UATHelper: Zip Project Task (Windows): Install directory: C:/Users/Sevelar/Documents/Unreal Projects/Zipfile/neptunia2.zip
[2018.09.15-15.22.32:832][ 73]UATHelper: Zip Project Task (Windows): Packaging up the project...
[2018.09.15-15.22.50:395][123]UATHelper: Zip Project Task (Windows): Completed zipping project up
[2018.09.15-15.22.50:395][123]UATHelper: Zip Project Task (Windows): BUILD SUCCESSFUL
[2018.09.15-15.22.50:395][123]UATHelper: Zip Project Task (Windows): AutomationTool exiting with ExitCode=0 (Success)
[2018.09.15-15.23.14:334][356]LogSlate: FSceneViewport::OnFocusLost() reason 0
[2018.09.15-16.03.52:428][ 53]LogSlate: FSceneViewport::OnFocusLost() reason 0
[2018.09.15-16.03.52:604][ 64]LogSlate: Window 'neptunia2 - Unreal Editor' being destroyed
[2018.09.15-16.03.52:606][ 64]LogWindowsTextInputMethodSystem: Display: IME system now deactivated.
[2018.09.15-16.03.52:777][ 65]Cmd: QUIT_EDITOR
[2018.09.15-16.03.52:807][ 65]LogExit: Preparing to exit.
[2018.09.15-16.03.53:354][ 65]LogExit: Editor shut down
[2018.09.15-16.03.53:354][ 65]LogExit: Transaction tracking system shut down
[2018.09.15-16.03.53:690][ 65]LogExit: Object subsystem successfully closed.
[2018.09.15-16.03.53:705][ 65]LogShaderCompilers: Display: Shaders left to compile 0
[2018.09.15-16.03.53:710][ 65]LogD3D11RHI: Shutdown
[2018.09.15-16.03.53:710][ 65]LogD3D11RHI: CleanupD3DDevice
[2018.09.15-16.03.53:711][ 65]LogD3D11RHI: ~FD3D11DynamicRHI
[2018.09.15-16.03.53:728][ 65]LogModuleManager: Shutting down and abandoning module UATHelper (618)
[2018.09.15-16.03.53:728][ 65]LogModuleManager: Shutting down and abandoning module ExternalImagePicker (616)
[2018.09.15-16.03.53:728][ 65]LogModuleManager: Shutting down and abandoning module HierarchicalLODOutliner (614)
[2018.09.15-16.03.53:728][ 65]LogModuleManager: Shutting down and abandoning module SceneOutliner (612)
[2018.09.15-16.03.53:728][ 65]LogModuleManager: Shutting down and abandoning module AddContentDialog (610)
[2018.09.15-16.03.53:730][ 65]LogModuleManager: Shutting down and abandoning module WidgetCarousel (609)
[2018.09.15-16.03.53:731][ 65]LogModuleManager: Shutting down and abandoning module EditorWidgets (606)
[2018.09.15-16.03.53:731][ 65]LogModuleManager: Shutting down and abandoning module CollectionManager (604)
[2018.09.15-16.03.53:731][ 65]LogModuleManager: Shutting down and abandoning module StatsViewer (602)
[2018.09.15-16.03.53:731][ 65]LogModuleManager: Shutting down and abandoning module FoliageEdit (600)
[2018.09.15-16.03.53:731][ 65]LogModuleManager: Shutting down and abandoning module LandscapeEditor (598)
[2018.09.15-16.03.53:731][ 65]LogModuleManager: Shutting down and abandoning module MeshPaintMode (596)
[2018.09.15-16.03.53:731][ 65]LogModuleManager: Shutting down and abandoning module SceneDepthPickerMode (594)
[2018.09.15-16.03.53:731][ 65]LogModuleManager: Shutting down and abandoning module ActorPickerMode (592)
[2018.09.15-16.03.53:731][ 65]LogModuleManager: Shutting down and abandoning module GeometryMode (590)
[2018.09.15-16.03.53:731][ 65]LogModuleManager: Shutting down and abandoning module TextureAlignMode (588)
[2018.09.15-16.03.53:731][ 65]LogModuleManager: Shutting down and abandoning module BspMode (586)
[2018.09.15-16.03.53:731][ 65]LogModuleManager: Shutting down and abandoning module PIEPreviewDeviceProfileSelector (584)
[2018.09.15-16.03.53:731][ 65]LogModuleManager: Shutting down and abandoning module SequenceRecorderSections (582)
[2018.09.15-16.03.53:731][ 65]LogModuleManager: Shutting down and abandoning module AutomationWorker (580)
[2018.09.15-16.03.53:731][ 65]LogModuleManager: Shutting down and abandoning module AudioCaptureEditor (578)
[2018.09.15-16.03.53:731][ 65]LogModuleManager: Shutting down and abandoning module SequenceRecorder (577)
[2018.09.15-16.03.53:731][ 65]LogModuleManager: Shutting down and abandoning module MatineeToLevelSequence (574)
[2018.09.15-16.03.53:731][ 65]LogModuleManager: Shutting down and abandoning module LevelSequenceEditor (572)
[2018.09.15-16.03.53:731][ 65]LogModuleManager: Shutting down and abandoning module PlacementMode (571)
[2018.09.15-16.03.53:731][ 65]LogModuleManager: Shutting down and abandoning module MaterialEditor (570)
[2018.09.15-16.03.53:731][ 65]LogModuleManager: Shutting down and abandoning module WmfMediaFactory (566)
[2018.09.15-16.03.53:731][ 65]LogModuleManager: Shutting down and abandoning module WmfMediaEditor (564)
[2018.09.15-16.03.53:731][ 65]LogModuleManager: Shutting down and abandoning module MediaPlayerEditor (562)
[2018.09.15-16.03.53:731][ 65]LogModuleManager: Shutting down and abandoning module OpenExrWrapper (560)
[2018.09.15-16.03.53:731][ 65]LogModuleManager: Shutting down and abandoning module ImgMediaFactory (558)
[2018.09.15-16.03.53:731][ 65]LogModuleManager: Shutting down and abandoning module ImgMediaEditor (556)
[2018.09.15-16.03.53:731][ 65]LogModuleManager: Shutting down and abandoning module AvfMediaFactory (554)
[2018.09.15-16.03.53:731][ 65]LogModuleManager: Shutting down and abandoning module AvfMediaEditor (552)
[2018.09.15-16.03.53:731][ 65]LogModuleManager: Shutting down and abandoning module AndroidMediaFactory (550)
[2018.09.15-16.03.53:731][ 65]LogModuleManager: Shutting down and abandoning module AndroidMediaEditor (548)
[2018.09.15-16.03.53:731][ 65]LogModuleManager: Shutting down and abandoning module MagicLeapCameraPreviewFactory (546)
[2018.09.15-16.03.53:731][ 65]LogModuleManager: Shutting down and abandoning module MagicLeapMediaFactory (544)
[2018.09.15-16.03.53:731][ 65]LogModuleManager: Shutting down and abandoning module MagicLeapMediaEditor (542)
[2018.09.15-16.03.53:731][ 65]LogModuleManager: Shutting down and abandoning module CharacterAI (540)
[2018.09.15-16.03.53:731][ 65]LogModuleManager: Shutting down and abandoning module SmartSnapping (538)
[2018.09.15-16.03.53:731][ 65]LogModuleManager: Shutting down and abandoning module SessionServices (536)
[2018.09.15-16.03.53:731][ 65]LogModuleManager: Shutting down and abandoning module ViewportSnapping (534)
[2018.09.15-16.03.53:731][ 65]LogModuleManager: Shutting down and abandoning module ViewportInteraction (532)
[2018.09.15-16.03.53:731][ 65]LogModuleManager: Shutting down and abandoning module ClothPainter (530)
[2018.09.15-16.03.53:731][ 65]LogModuleManager: Shutting down and abandoning module SkeletalMeshEditor (529)
[2018.09.15-16.03.53:731][ 65]LogModuleManager: Shutting down and abandoning module LogVisualizer (526)
[2018.09.15-16.03.53:732][ 65]LogModuleManager: Shutting down and abandoning module IntroTutorials (524)
[2018.09.15-16.03.53:732][ 65]LogModuleManager: Shutting down and abandoning module GameProjectGeneration (523)
[2018.09.15-16.03.53:732][ 65]LogModuleManager: Shutting down and abandoning module LuminPlatformEditor (520)
[2018.09.15-16.03.53:732][ 65]LogModuleManager: Shutting down and abandoning module IOSPlatformEditor (518)
[2018.09.15-16.03.53:732][ 65]LogModuleManager: Shutting down and abandoning module HTML5PlatformEditor (516)
[2018.09.15-16.03.53:732][ 65]LogModuleManager: Shutting down and abandoning module AndroidPlatformEditor (514)
[2018.09.15-16.03.53:732][ 65]LogModuleManager: Shutting down and abandoning module AndroidDeviceDetection (513)
[2018.09.15-16.03.53:793][ 65]LogModuleManager: Shutting down and abandoning module WindowsPlatformEditor (510)
[2018.09.15-16.03.53:793][ 65]LogModuleManager: Shutting down and abandoning module LuminRuntimeSettings (508)
[2018.09.15-16.03.53:793][ 65]LogModuleManager: Shutting down and abandoning module IOSRuntimeSettings (506)
[2018.09.15-16.03.53:793][ 65]LogModuleManager: Shutting down and abandoning module AndroidRuntimeSettings (504)
[2018.09.15-16.03.53:793][ 65]LogModuleManager: Shutting down and abandoning module InputBindingEditor (502)
[2018.09.15-16.03.53:794][ 65]LogModuleManager: Shutting down and abandoning module MergeActors (500)
[2018.09.15-16.03.53:794][ 65]LogModuleManager: Shutting down and abandoning module LocalizationDashboard (498)
[2018.09.15-16.03.53:794][ 65]LogModuleManager: Shutting down and abandoning module LocalizationService (497)
[2018.09.15-16.03.53:794][ 65]LogModuleManager: Shutting down and abandoning module HardwareTargeting (494)
[2018.09.15-16.03.53:794][ 65]LogModuleManager: Shutting down and abandoning module DeviceProfileEditor (492)
[2018.09.15-16.03.53:794][ 65]LogModuleManager: Shutting down and abandoning module UndoHistory (490)
[2018.09.15-16.03.53:794][ 65]LogModuleManager: Shutting down and abandoning module XmlParser (488)
[2018.09.15-16.03.53:794][ 65]LogModuleManager: Shutting down and abandoning module Blutility (486)
[2018.09.15-16.03.53:794][ 65]LogModuleManager: Shutting down and abandoning module ProjectSettingsViewer (484)
[2018.09.15-16.03.53:794][ 65]LogModuleManager: Shutting down and abandoning module ProjectTargetPlatformEditor (483)
[2018.09.15-16.03.53:794][ 65]LogModuleManager: Shutting down and abandoning module EditorSettingsViewer (480)
[2018.09.15-16.03.53:794][ 65]LogModuleManager: Shutting down and abandoning module SettingsEditor (478)
[2018.09.15-16.03.53:794][ 65]LogModuleManager: Shutting down and abandoning module ProjectLauncher (476)
[2018.09.15-16.03.53:794][ 65]LogModuleManager: Shutting down and abandoning module SessionFrontend (474)
[2018.09.15-16.03.53:794][ 65]LogModuleManager: Shutting down and abandoning module ProfilerClient (472)
[2018.09.15-16.03.53:794][ 65]LogModuleManager: Shutting down and abandoning module DeviceManager (470)
[2018.09.15-16.03.53:794][ 65]LogModuleManager: Shutting down and abandoning module TargetDeviceServices (469)
[2018.09.15-16.03.53:850][ 65]LogModuleManager: Shutting down and abandoning module AutomationController (466)
[2018.09.15-16.03.53:850][ 65]LogModuleManager: Shutting down and abandoning module AutomationWindow (464)
[2018.09.15-16.03.53:850][ 65]LogModuleManager: Shutting down and abandoning module Layers (462)
[2018.09.15-16.03.53:850][ 65]LogModuleManager: Shutting down and abandoning module ComponentVisualizers (460)
[2018.09.15-16.03.53:850][ 65]LogModuleManager: Shutting down and abandoning module DetailCustomizations (458)
[2018.09.15-16.03.53:850][ 65]LogModuleManager: Shutting down and abandoning module PackagesDialog (456)
[2018.09.15-16.03.53:850][ 65]LogModuleManager: Shutting down and abandoning module Persona (454)
[2018.09.15-16.03.53:850][ 65]LogModuleManager: Shutting down and abandoning module AdvancedPreviewScene (453)
[2018.09.15-16.03.53:850][ 65]LogModuleManager: Shutting down and abandoning module AnimGraph (451)
[2018.09.15-16.03.53:850][ 65]LogModuleManager: Shutting down and abandoning module Kismet (448)
[2018.09.15-16.03.53:851][ 65]LogModuleManager: Shutting down and abandoning module GraphEditor (446)
[2018.09.15-16.03.53:851][ 65]LogModuleManager: Shutting down and abandoning module ClassViewer (444)
[2018.09.15-16.03.53:851][ 65]LogModuleManager: Shutting down and abandoning module Toolbox (442)
[2018.09.15-16.03.53:851][ 65]LogModuleManager: Shutting down and abandoning module ModuleUI (440)
[2018.09.15-16.03.53:851][ 65]LogModuleManager: Shutting down and abandoning module MovieSceneTools (438)
[2018.09.15-16.03.53:851][ 65]LogModuleManager: Shutting down and abandoning module OutputLog (436)
[2018.09.15-16.03.53:851][ 65]LogModuleManager: Shutting down and abandoning module GammaUI (434)
[2018.09.15-16.03.53:851][ 65]LogModuleManager: Shutting down and abandoning module Documentation (432)
[2018.09.15-16.03.53:851][ 65]LogModuleManager: Shutting down and abandoning module MovieSceneTracks (430)
[2018.09.15-16.03.53:851][ 65]LogModuleManager: Shutting down and abandoning module MovieScene (428)
[2018.09.15-16.03.53:851][ 65]LogModuleManager: Shutting down and abandoning module StreamingPauseRendering (426)
[2018.09.15-16.03.53:851][ 65]LogModuleManager: Shutting down and abandoning module LauncherPlatform (424)
[2018.09.15-16.03.53:851][ 65]LogModuleManager: Shutting down and abandoning module AnalyticsET (422)
[2018.09.15-16.03.53:851][ 65]LogModuleManager: Shutting down and abandoning module PortalServices (420)
[2018.09.15-16.03.53:851][ 65]LogModuleManager: Shutting down and abandoning module PortalRpc (418)
[2018.09.15-16.03.53:851][ 65]LogModuleManager: Shutting down and abandoning module MessagingRpc (416)
[2018.09.15-16.03.53:851][ 65]LogModuleManager: Shutting down and abandoning module AIModule (414)
[2018.09.15-16.03.53:851][ 65]LogModuleManager: Shutting down and abandoning module AITestSuite (413)
[2018.09.15-16.03.53:851][ 65]LogModuleManager: Shutting down and abandoning module NavigationSystem (411)
[2018.09.15-16.03.53:851][ 65]LogModuleManager: Shutting down and abandoning module DesktopPlatform (408)
[2018.09.15-16.03.53:851][ 65]LogModuleManager: Shutting down and abandoning module ProfilerService (406)
[2018.09.15-16.03.53:948][ 65]LogModuleManager: Shutting down and abandoning module TaskGraph (404)
[2018.09.15-16.03.53:948][ 65]LogModuleManager: Shutting down and abandoning module DlgSystemEditor (402)
[2018.09.15-16.03.53:948][ 65]LogDlgSystemEditor: Verbose: Stopped DlgSystemEditorModule
[2018.09.15-16.03.53:948][ 65]LogModuleManager: Shutting down and abandoning module SteamVRController (400)
[2018.09.15-16.03.53:948][ 65]LogModuleManager: Shutting down and abandoning module ProceduralMeshComponentEditor (398)
[2018.09.15-16.03.53:948][ 65]LogModuleManager: Shutting down and abandoning module ProceduralMeshComponent (396)
[2018.09.15-16.03.53:948][ 65]LogModuleManager: Shutting down and abandoning module OculusInput (394)
[2018.09.15-16.03.53:948][ 65]LogModuleManager: Shutting down and abandoning module MobilePatchingUtils (392)
[2018.09.15-16.03.53:948][ 65]LogModuleManager: Shutting down and abandoning module EditableMesh (390)
[2018.09.15-16.03.53:948][ 65]LogModuleManager: Shutting down and abandoning module CustomMeshComponent (388)
[2018.09.15-16.03.53:948][ 65]LogModuleManager: Shutting down and abandoning module CableComponent (386)
[2018.09.15-16.03.53:948][ 65]LogModuleManager: Shutting down and abandoning module AudioCapture (384)
[2018.09.15-16.03.53:948][ 65]LogModuleManager: Shutting down and abandoning module ArchVisCharacter (382)
[2018.09.15-16.03.53:948][ 65]LogModuleManager: Shutting down and abandoning module AndroidPermission (380)
[2018.09.15-16.03.53:949][ 65]LogModuleManager: Shutting down and abandoning module NUTUnrealEngine4 (378)
[2018.09.15-16.03.53:949][ 65]LogModuleManager: Shutting down and abandoning module NetcodeUnitTest (376)
[2018.09.15-16.03.53:949][ 65]LogModuleManager: Shutting down and abandoning module MediaCompositingEditor (374)
[2018.09.15-16.03.53:949][ 65]LogModuleManager: Shutting down and abandoning module MediaCompositing (372)
[2018.09.15-16.03.53:949][ 65]LogModuleManager: Shutting down and abandoning module LinearTimecode (370)
[2018.09.15-16.03.53:949][ 65]LogModuleManager: Shutting down and abandoning module ImgMedia (368)
[2018.09.15-16.03.53:952][ 65]LogModuleManager: Shutting down and abandoning module HTML5Networking (366)
[2018.09.15-16.03.53:952][ 65]LogModuleManager: Shutting down and abandoning module GeometryCacheTracks (364)
[2018.09.15-16.03.53:952][ 65]LogModuleManager: Shutting down and abandoning module GeometryCacheSequencer (362)
[2018.09.15-16.03.53:952][ 65]LogModuleManager: Shutting down and abandoning module BackChannel (360)
[2018.09.15-16.03.53:952][ 65]LogModuleManager: Shutting down and abandoning module AppleVision (358)
[2018.09.15-16.03.53:952][ 65]LogModuleManager: Shutting down and abandoning module AppleImageUtils (356)
[2018.09.15-16.03.53:952][ 65]LogModuleManager: Shutting down and abandoning module AlembicImporter (354)
[2018.09.15-16.03.53:952][ 65]LogModuleManager: Shutting down and abandoning module AlembicLibrary (353)
[2018.09.15-16.03.53:952][ 65]LogModuleManager: Shutting down and abandoning module GeometryCache (352)
[2018.09.15-16.03.53:952][ 65]LogModuleManager: Shutting down and abandoning module GeometryCacheEd (351)
[2018.09.15-16.03.53:952][ 65]LogModuleManager: Shutting down and abandoning module DatasmithContentEditor (346)
[2018.09.15-16.03.53:952][ 65]LogModuleManager: Shutting down and abandoning module DatasmithContent (344)
[2018.09.15-16.03.53:952][ 65]LogModuleManager: Shutting down and abandoning module SpeedTreeImporter (342)
[2018.09.15-16.03.53:952][ 65]LogModuleManager: Shutting down and abandoning module PluginBrowser (340)
[2018.09.15-16.03.53:952][ 65]LogModuleManager: Shutting down and abandoning module MobileLauncherProfileWizard (338)
[2018.09.15-16.03.53:952][ 65]LogModuleManager: Shutting down and abandoning module PolygonModeling (336)
[2018.09.15-16.03.53:952][ 65]LogModuleManager: Shutting down and abandoning module MeshEditor (334)
[2018.09.15-16.03.53:952][ 65]LogModuleManager: Shutting down and abandoning module CryptoKeysOpenSSL (332)
[2018.09.15-16.03.53:952][ 65]LogModuleManager: Shutting down and abandoning module CryptoKeys (330)
[2018.09.15-16.03.53:953][ 65]LogModuleManager: Shutting down and abandoning module VisualStudioSourceCodeAccess (328)
[2018.09.15-16.03.53:953][ 65]LogModuleManager: Shutting down and abandoning module VisualStudioCodeSourceCodeAccess (326)
[2018.09.15-16.03.53:953][ 65]LogModuleManager: Shutting down and abandoning module UObjectPlugin (324)
[2018.09.15-16.03.53:953][ 65]LogModuleManager: Shutting down and abandoning module SubversionSourceControl (322)
[2018.09.15-16.03.53:953][ 65]LogModuleManager: Shutting down and abandoning module PerforceSourceControl (320)
[2018.09.15-16.03.53:953][ 65]LogModuleManager: Shutting down and abandoning module GitSourceControl (318)
[2018.09.15-16.03.53:953][ 65]LogModuleManager: Shutting down and abandoning module SourceControl (317)
[2018.09.15-16.03.53:953][ 65]LogModuleManager: Shutting down and abandoning module CLionSourceCodeAccess (314)
[2018.09.15-16.03.53:953][ 65]LogModuleManager: Shutting down and abandoning module LightPropagationVolumeEditor (312)
[2018.09.15-16.03.53:953][ 65]LogModuleManager: Shutting down and abandoning module PaperTiledImporter (310)
[2018.09.15-16.03.53:953][ 65]LogModuleManager: Shutting down and abandoning module PaperSpriteSheetImporter (308)
[2018.09.15-16.03.53:953][ 65]LogModuleManager: Shutting down and abandoning module Paper2DEditor (306)
[2018.09.15-16.03.53:953][ 65]LogModuleManager: Shutting down and abandoning module MeshPaint (305)
[2018.09.15-16.03.53:953][ 65]LogModuleManager: Shutting down and abandoning module RuntimePhysXCooking (302)
[2018.09.15-16.03.53:953][ 65]LogModuleManager: Shutting down and abandoning module PhysXVehiclesEditor (300)
[2018.09.15-16.03.53:953][ 65]LogModuleManager: Shutting down and abandoning module PhysXVehicles (298)
[2018.09.15-16.03.53:953][ 65]LogModuleManager: Shutting down and abandoning module OculusEditor (296)
[2018.09.15-16.03.53:953][ 65]LogModuleManager: Shutting down and abandoning module LocationServicesBPLibrary (294)
[2018.09.15-16.03.53:953][ 65]LogModuleManager: Shutting down and abandoning module ImmediatePhysicsEditor (292)
[2018.09.15-16.03.53:953][ 65]LogModuleManager: Shutting down and abandoning module ImmediatePhysics (290)
[2018.09.15-16.03.53:953][ 65]LogModuleManager: Shutting down and abandoning module ActorSequence (288)
[2018.09.15-16.03.53:953][ 65]LogModuleManager: Shutting down and abandoning module UdpMessaging (286)
[2018.09.15-16.03.54:055][ 65]LogModuleManager: Shutting down and abandoning module TcpMessaging (284)
[2018.09.15-16.03.54:156][ 65]LogModuleManager: Shutting down and abandoning module DlgSystem (282)
[2018.09.15-16.03.54:156][ 65]LogDlgSystem: Verbose: Stopped DlgSystemModule
[2018.09.15-16.03.54:156][ 65]LogModuleManager: Shutting down and abandoning module GameplayDebugger (281)
[2018.09.15-16.03.54:156][ 65]LogModuleManager: Shutting down and abandoning module MagicLeapAudio (278)
[2018.09.15-16.03.54:156][ 65]LogModuleManager: Shutting down and abandoning module GameplayTagsEditor (276)
[2018.09.15-16.03.54:156][ 65]LogModuleManager: Shutting down and abandoning module FacialAnimationEditor (274)
[2018.09.15-16.03.54:156][ 65]LogModuleManager: Shutting down and abandoning module FacialAnimation (272)
[2018.09.15-16.03.54:156][ 65]LogModuleManager: Shutting down and abandoning module DataValidation (270)
[2018.09.15-16.03.54:156][ 65]LogModuleManager: Shutting down and abandoning module AssetManagerEditor (268)
[2018.09.15-16.03.54:156][ 65]LogModuleManager: Shutting down and abandoning module LevelEditor (267)
[2018.09.15-16.03.54:156][ 65]LogModuleManager: Shutting down and abandoning module PixelInspectorModule (266)
[2018.09.15-16.03.54:156][ 65]LogModuleManager: Shutting down and abandoning module CommonMenuExtensions (264)
[2018.09.15-16.03.54:157][ 65]LogModuleManager: Shutting down and abandoning module MainFrame (262)
[2018.09.15-16.03.54:157][ 65]LogModuleManager: Shutting down and abandoning module HotReload (261)
[2018.09.15-16.03.54:157][ 65]LogModuleManager: Shutting down and abandoning module ContentBrowser (257)
[2018.09.15-16.03.54:158][ 65]LogModuleManager: Shutting down and abandoning module TreeMap (255)
[2018.09.15-16.03.54:158][ 65]LogModuleManager: Shutting down and abandoning module LightPropagationVolumeRuntime (252)
[2018.09.15-16.03.54:158][ 65]LogModuleManager: Shutting down and abandoning module AISupportModule (250)
[2018.09.15-16.03.54:158][ 65]LogModuleManager: Shutting down and abandoning module Paper2D (248)
[2018.09.15-16.03.54:158][ 65]LogModuleManager: Shutting down and abandoning module WindowsMoviePlayer (246)
[2018.09.15-16.03.54:158][ 65]LogModuleManager: Shutting down and abandoning module WmfMedia (244)
[2018.09.15-16.03.54:159][ 65]LogModuleManager: Shutting down and abandoning module Media (243)
[2018.09.15-16.03.54:165][ 65]LogModuleManager: Shutting down and abandoning module PacketHandler (240)
[2018.09.15-16.03.54:165][ 65]LogModuleManager: Shutting down and abandoning module ClothingSystemEditor (238)
[2018.09.15-16.03.54:165][ 65]LogModuleManager: Shutting down and abandoning module ClothingSystemRuntime (236)
[2018.09.15-16.03.54:165][ 65]LogModuleManager: Shutting down and abandoning module MediaAssets (234)
[2018.09.15-16.03.54:165][ 65]LogModuleManager: Shutting down and abandoning module Overlay (232)
[2018.09.15-16.03.54:165][ 65]LogModuleManager: Shutting down and abandoning module OverlayEditor (231)
[2018.09.15-16.03.54:165][ 65]LogModuleManager: Shutting down and abandoning module VREditor (228)
[2018.09.15-16.03.54:165][ 65]LogModuleManager: Shutting down and abandoning module StringTableEditor (226)
[2018.09.15-16.03.54:165][ 65]LogModuleManager: Shutting down and abandoning module GameplayTasksEditor (224)
[2018.09.15-16.03.54:165][ 65]LogModuleManager: Shutting down and abandoning module BehaviorTreeEditor (222)
[2018.09.15-16.03.54:165][ 65]LogModuleManager: Shutting down and abandoning module FunctionalTesting (220)
[2018.09.15-16.03.54:165][ 65]LogModuleManager: Shutting down and abandoning module CollisionAnalyzer (218)
[2018.09.15-16.03.54:165][ 65]LogModuleManager: Shutting down and abandoning module WorkspaceMenuStructure (217)
[2018.09.15-16.03.54:166][ 65]LogModuleManager: Shutting down and abandoning module UMG (214)
[2018.09.15-16.03.54:166][ 65]LogModuleManager: Shutting down and abandoning module UMGEditor (213)
[2018.09.15-16.03.54:166][ 65]LogModuleManager: Shutting down and abandoning module Sequencer (212)
[2018.09.15-16.03.54:166][ 65]LogModuleManager: Shutting down and abandoning module MessageLog (209)
[2018.09.15-16.03.54:166][ 65]LogModuleManager: Shutting down and abandoning module SlateReflector (204)
[2018.09.15-16.03.54:166][ 65]LogModuleManager: Shutting down and abandoning module Slate (202)
[2018.09.15-16.03.54:166][ 65]LogModuleManager: Shutting down and abandoning module EditorStyle (200)
[2018.09.15-16.03.54:167][ 65]LogModuleManager: Shutting down and abandoning module MRMesh (198)
[2018.09.15-16.03.54:167][ 65]LogModuleManager: Shutting down and abandoning module SourceCodeAccess (196)
[2018.09.15-16.03.54:167][ 65]LogModuleManager: Shutting down and abandoning module HeadMountedDisplay (194)
[2018.09.15-16.03.54:167][ 65]LogModuleManager: Shutting down and abandoning module XAudio2 (192)
[2018.09.15-16.03.54:167][ 65]LogModuleManager: Shutting down and abandoning module Networking (190)
[2018.09.15-16.03.54:167][ 65]LogModuleManager: Shutting down and abandoning module Core (188)
[2018.09.15-16.03.54:167][ 65]LogModuleManager: Shutting down and abandoning module LevelSequence (186)
[2018.09.15-16.03.54:167][ 65]LogModuleManager: Shutting down and abandoning module KismetCompiler (184)
[2018.09.15-16.03.54:167][ 65]LogModuleManager: Shutting down and abandoning module MeshUtilities (182)
[2018.09.15-16.03.54:168][ 65]LogModuleManager: Shutting down and abandoning module MeshMergeUtilities (181)
[2018.09.15-16.03.54:168][ 65]LogModuleManager: Shutting down and abandoning module MeshReductionInterface (180)
[2018.09.15-16.03.54:168][ 65]LogModuleManager: Shutting down and abandoning module SimplygonSwarm (179)
[2018.09.15-16.03.54:168][ 65]LogModuleManager: Shutting down and abandoning module ProxyLODMeshReduction (177)
[2018.09.15-16.03.54:168][ 65]LogModuleManager: Shutting down and abandoning module SimplygonMeshReduction (175)
[2018.09.15-16.03.54:168][ 65]LogModuleManager: Shutting down and abandoning module QuadricMeshReduction (173)
[2018.09.15-16.03.54:168][ 65]LogModuleManager: Shutting down and abandoning module MaterialBaking (169)
[2018.09.15-16.03.54:168][ 65]LogModuleManager: Shutting down and abandoning module DirectoryWatcher (165)
[2018.09.15-16.03.54:168][ 65]LogModuleManager: Shutting down and abandoning module DerivedDataCache (162)
[2018.09.15-16.03.54:207][ 65]LogDerivedDataCache: Shutdown
[2018.09.15-16.03.54:207][ 65]LogModuleManager: Shutting down and abandoning module XGEController (160)
[2018.09.15-16.03.54:207][ 65]LogModuleManager: Shutting down and abandoning module TargetPlatform (158)
[2018.09.15-16.03.54:207][ 65]LogModuleManager: Shutting down and abandoning module VulkanShaderFormat (157)
[2018.09.15-16.03.54:207][ 65]LogModuleManager: Shutting down and abandoning module ShaderFormatVectorVM (155)
[2018.09.15-16.03.54:207][ 65]LogModuleManager: Shutting down and abandoning module ShaderFormatOpenGL (153)
[2018.09.15-16.03.54:207][ 65]LogModuleManager: Shutting down and abandoning module ShaderFormatD3D (151)
[2018.09.15-16.03.54:207][ 65]LogModuleManager: Shutting down and abandoning module MetalShaderFormat (149)
[2018.09.15-16.03.54:207][ 65]LogModuleManager: Shutting down and abandoning module TextureFormatUncompressed (147)
[2018.09.15-16.03.54:207][ 65]LogModuleManager: Shutting down and abandoning module TextureFormatPVR (145)
[2018.09.15-16.03.54:208][ 65]LogModuleManager: Shutting down and abandoning module TextureFormatDXT (143)
[2018.09.15-16.03.54:208][ 65]LogModuleManager: Shutting down and abandoning module TextureFormatIntelISPCTexComp (141)
[2018.09.15-16.03.54:208][ 65]LogModuleManager: Shutting down and abandoning module TextureFormatASTC (139)
[2018.09.15-16.03.54:208][ 65]LogModuleManager: Shutting down and abandoning module ImageWrapper (138)
[2018.09.15-16.03.54:208][ 65]LogModuleManager: Shutting down and abandoning module TextureFormatAndroid (135)
[2018.09.15-16.03.54:208][ 65]LogModuleManager: Shutting down and abandoning module AudioFormatOpus (133)
[2018.09.15-16.03.54:208][ 65]LogModuleManager: Shutting down and abandoning module AudioFormatOgg (131)
[2018.09.15-16.03.54:208][ 65]LogModuleManager: Shutting down and abandoning module AudioFormatADPCM (129)
[2018.09.15-16.03.54:208][ 65]LogModuleManager: Shutting down and abandoning module LuminTargetPlatform (127)
[2018.09.15-16.03.54:208][ 65]LogModuleManager: Shutting down and abandoning module LinuxTargetPlatform (125)
[2018.09.15-16.03.54:208][ 65]LogModuleManager: Shutting down and abandoning module LinuxServerTargetPlatform (123)
[2018.09.15-16.03.54:208][ 65]LogModuleManager: Shutting down and abandoning module LinuxNoEditorTargetPlatform (121)
[2018.09.15-16.03.54:208][ 65]LogModuleManager: Shutting down and abandoning module LinuxClientTargetPlatform (119)
[2018.09.15-16.03.54:208][ 65]LogModuleManager: Shutting down and abandoning module TVOSTargetPlatform (117)
[2018.09.15-16.03.54:210][ 65]LogModuleManager: Shutting down and abandoning module Messaging (115)
[2018.09.15-16.03.54:210][ 65]LogModuleManager: Shutting down and abandoning module IOSTargetPlatform (113)
[2018.09.15-16.03.54:211][ 65]LogModuleManager: Shutting down and abandoning module HTML5TargetPlatform (111)
[2018.09.15-16.03.54:211][ 65]LogModuleManager: Shutting down and abandoning module AndroidTargetPlatform (109)
[2018.09.15-16.03.54:225][ 65]LogModuleManager: Shutting down and abandoning module WindowsTargetPlatform (107)
[2018.09.15-16.03.54:225][ 65]LogModuleManager: Shutting down and abandoning module WindowsServerTargetPlatform (105)
[2018.09.15-16.03.54:225][ 65]LogModuleManager: Shutting down and abandoning module WindowsNoEditorTargetPlatform (103)
[2018.09.15-16.03.54:225][ 65]LogModuleManager: Shutting down and abandoning module WindowsClientTargetPlatform (101)
[2018.09.15-16.03.54:225][ 65]LogModuleManager: Shutting down and abandoning module MacTargetPlatform (99)
[2018.09.15-16.03.54:225][ 65]LogModuleManager: Shutting down and abandoning module MacServerTargetPlatform (97)
[2018.09.15-16.03.54:225][ 65]LogModuleManager: Shutting down and abandoning module MacNoEditorTargetPlatform (95)
[2018.09.15-16.03.54:226][ 65]LogModuleManager: Shutting down and abandoning module MacClientTargetPlatform (93)
[2018.09.15-16.03.54:226][ 65]LogModuleManager: Shutting down and abandoning module AllDesktopTargetPlatform (91)
[2018.09.15-16.03.54:226][ 65]LogModuleManager: Shutting down and abandoning module InputCore (88)
[2018.09.15-16.03.54:226][ 65]LogModuleManager: Shutting down and abandoning module Settings (86)
[2018.09.15-16.03.54:226][ 65]LogModuleManager: Shutting down and abandoning module PhysXCooking (84)
[2018.09.15-16.03.54:226][ 65]LogModuleManager: Shutting down and abandoning module SteamVR (82)
[2018.09.15-16.03.54:226][ 65]LogModuleManager: Shutting down and abandoning module OculusHMD (80)
[2018.09.15-16.03.54:226][ 65]LogModuleManager: Shutting down and abandoning module ExampleDeviceProfileSelector (78)
[2018.09.15-16.03.54:226][ 65]LogModuleManager: Shutting down and abandoning module LauncherChunkInstaller (76)
[2018.09.15-16.03.54:226][ 65]LogModuleManager: Shutting down and abandoning module OnlineBlueprintSupport (74)
[2018.09.15-16.03.54:226][ 65]LogModuleManager: Shutting down and abandoning module OnlineSubsystem (70)
[2018.09.15-16.03.54:227][ 65]LogModuleManager: Shutting down and abandoning module XMPP (65)
[2018.09.15-16.03.54:227][ 65]LogModuleManager: Shutting down and abandoning module WebSockets (64)
[2018.09.15-16.03.54:259][ 65]LogModuleManager: Shutting down and abandoning module HTTP (61)
[2018.09.15-16.03.54:259][ 65]LogHttp: Display: Http module shutting down, but needs to wait on 1 outstanding Http requests:
[2018.09.15-16.03.54:259][ 65]LogHttp: Display: 	verb=[POST] url=[https://datarouter.ol.epicgames.com/datarouter/api/v1/public/data?SessionID=%7B7D58BC6A-4904-8437-B168-D987110E18D3%7D&AppID=UEEditor.Rocket.Release&AppVersion=4.20.2-4302132%2B%2B%2BUE4%2BRelease-4.20&UserID=3b0ea369469cf7b2a680f0adaa8cb5fd%7C4474d8368e2c4cecbaa3eba065eb613e%7C3d5a0686-289e-46a5-9762-89d12d2f5c80&AppEnvironment=datacollector-binary&UploadType=eteventstream] status=Processing
[2018.09.15-16.03.54:263][ 65]LogModuleManager: Shutting down and abandoning module SSL (60)
[2018.09.15-16.03.54:265][ 65]LogModuleManager: Shutting down and abandoning module MagicLeapEmulator (56)
[2018.09.15-16.03.54:265][ 65]LogModuleManager: Shutting down and abandoning module MagicLeapPrivileges (54)
[2018.09.15-16.03.54:266][ 65]LogModuleManager: Shutting down and abandoning module MagicLeapIdentity (52)
[2018.09.15-16.03.54:266][ 65]LogModuleManager: Shutting down and abandoning module MagicLeapHelperVulkan (50)
[2018.09.15-16.03.54:266][ 65]LogModuleManager: Shutting down and abandoning module MagicLeapHelperOpenGL (48)
[2018.09.15-16.03.54:266][ 65]LogModuleManager: Shutting down and abandoning module MagicLeapSecureStorage (46)
[2018.09.15-16.03.54:266][ 65]LogModuleManager: Shutting down and abandoning module MagicLeapGestures (44)
[2018.09.15-16.03.54:266][ 65]LogModuleManager: Shutting down and abandoning module MagicLeapEyeTracker (42)
[2018.09.15-16.03.54:266][ 65]LogModuleManager: Shutting down and abandoning module MagicLeapController (40)
[2018.09.15-16.03.54:267][ 65]LogSlate: Slate User Destroyed.  User Index 0, Is Virtual User: 0
[2018.09.15-16.03.54:267][ 65]LogModuleManager: Shutting down and abandoning module MagicLeap (38)
[2018.09.15-16.03.54:267][ 65]LogModuleManager: Shutting down and abandoning module AnimationModifiers (36)
[2018.09.15-16.03.54:267][ 65]LogModuleManager: Shutting down and abandoning module PropertyEditor (35)
[2018.09.15-16.03.54:267][ 65]LogModuleManager: Shutting down and abandoning module AudioEditor (32)
[2018.09.15-16.03.54:267][ 65]LogModuleManager: Shutting down and abandoning module TextureCompressor (30)
[2018.09.15-16.03.54:268][ 65]LogModuleManager: Shutting down and abandoning module ShaderCore (28)
[2018.09.15-16.03.54:268][ 65]LogModuleManager: Shutting down and abandoning module Landscape (26)
[2018.09.15-16.03.54:268][ 65]LogModuleManager: Shutting down and abandoning module SlateRHIRenderer (24)
[2018.09.15-16.03.54:268][ 65]LogModuleManager: Shutting down and abandoning module OpenGLDrv (22)
[2018.09.15-16.03.54:269][ 65]LogModuleManager: Shutting down and abandoning module D3D11RHI (20)
[2018.09.15-16.03.54:269][ 65]LogModuleManager: Shutting down and abandoning module AnimGraphRuntime (18)
[2018.09.15-16.03.54:269][ 65]LogModuleManager: Shutting down and abandoning module Renderer (16)
[2018.09.15-16.03.54:269][ 65]LogModuleManager: Shutting down and abandoning module Engine (14)
[2018.09.15-16.03.54:269][ 65]LogModuleManager: Shutting down and abandoning module CoreUObject (12)
[2018.09.15-16.03.54:269][ 65]LogModuleManager: Shutting down and abandoning module NetworkFile (10)
[2018.09.15-16.03.54:269][ 65]LogModuleManager: Shutting down and abandoning module CookedIterativeFile (8)
[2018.09.15-16.03.54:269][ 65]LogModuleManager: Shutting down and abandoning module StreamingFile (6)
[2018.09.15-16.03.54:269][ 65]LogModuleManager: Shutting down and abandoning module SandboxFile (4)
[2018.09.15-16.03.54:269][ 65]LogModuleManager: Shutting down and abandoning module PakFile (2)
[2018.09.15-16.03.54:277][ 65]LogExit: Exiting.
[2018.09.15-16.03.54:303][ 65]Log file closed, 09/15/18 18:03:54
